16:17:59.149 [main] DEBUG org.apache.ibatis.logging.LogFactory - Logging initialized using 'class org.apache.ibatis.logging.slf4j.Slf4jImpl' adapter.
16:17:59.434 [MLog-Init-Reporter] INFO  com.mchange.v2.log.MLog - MLog clients using slf4j logging.
16:17:59.469 [MLog-Init-Reporter] DEBUG com.mchange.v2.log.MLog - Reading VM config for path list /com/mchange/v2/log/default-mchange-log.properties, /mchange-commons.properties, /c3p0.properties, hocon:/reference,/application,/c3p0,/, /mchange-log.properties, /
16:17:59.470 [MLog-Init-Reporter] DEBUG com.mchange.v2.log.MLog - The configuration file for resource identifier '/mchange-commons.properties' could not be found. Skipping.
16:17:59.470 [MLog-Init-Reporter] DEBUG com.mchange.v2.log.MLog - The configuration file for resource identifier '/c3p0.properties' could not be found. Skipping.
16:17:59.471 [MLog-Init-Reporter] DEBUG com.mchange.v2.log.MLog - The configuration file for resource identifier 'hocon:/reference,/application,/c3p0,/' could not be found. Skipping.
16:17:59.471 [MLog-Init-Reporter] DEBUG com.mchange.v2.log.MLog - The configuration file for resource identifier '/mchange-log.properties' could not be found. Skipping.
16:17:59.474 [main] DEBUG com.mchange.v2.cfg.MConfig - The configuration file for resource identifier '/mchange-commons.properties' could not be found. Skipping.
16:17:59.475 [main] DEBUG com.mchange.v2.cfg.MConfig - The configuration file for resource identifier '/mchange-log.properties' could not be found. Skipping.
16:17:59.475 [main] DEBUG com.mchange.v2.cfg.MConfig - The configuration file for resource identifier 'hocon:/reference,/application,/c3p0,/' could not be found. Skipping.
16:17:59.476 [main] DEBUG com.mchange.v2.cfg.MConfig - The configuration file for resource identifier '/c3p0.properties' could not be found. Skipping.
16:18:00.568 [main] INFO  com.mchange.v2.c3p0.C3P0Registry - Initializing c3p0-0.9.5.2 [built 08-December-2015 22:06:04 -0800; debug? true; trace: 10]
16:18:00.693 [main] DEBUG c.m.v.c.m.DynamicPooledDataSourceManagerMBean - MBean: com.mchange.v2.c3p0:type=PooledDataSource,identityToken=1b60hsb9h1wsjcablyy57o|4fbce531,name=1b60hsb9h1wsjcablyy57o|4fbce531 registered.
16:18:00.794 [main] DEBUG c.m.v.c.m.DynamicPooledDataSourceManagerMBean - MBean: com.mchange.v2.c3p0:type=PooledDataSource,identityToken=1b60hsb9h1wsjcablyy57o|4fbce531,name=1b60hsb9h1wsjcablyy57o|4fbce531 unregistered, in order to be reregistered after update.
16:18:00.794 [main] DEBUG c.m.v.c.m.DynamicPooledDataSourceManagerMBean - MBean: com.mchange.v2.c3p0:type=PooledDataSource,identityToken=1b60hsb9h1wsjcablyy57o|4fbce531,name=1b60hsb9h1wsjcablyy57o|4fbce531 registered.
16:18:01.962 [main] DEBUG org.mybatis.spring.SqlSessionFactoryBean - Parsed configuration file: 'class path resource [mybatis/mybatis-config.xml]'
16:18:02.224 [main] DEBUG org.mybatis.spring.SqlSessionFactoryBean - Parsed mapper file: 'file [E:\Workspace\.metadata\.plugins\org.eclipse.wst.server.core\tmp3\wtpwebapps\WaterWorks\WEB-INF\classes\com\water\works\mapping\userMapper.xml]'
16:20:11.318 [main] DEBUG org.apache.ibatis.logging.LogFactory - Logging initialized using 'class org.apache.ibatis.logging.slf4j.Slf4jImpl' adapter.
16:20:11.511 [MLog-Init-Reporter] INFO  com.mchange.v2.log.MLog - MLog clients using slf4j logging.
16:20:11.556 [MLog-Init-Reporter] DEBUG com.mchange.v2.log.MLog - Reading VM config for path list /com/mchange/v2/log/default-mchange-log.properties, /mchange-commons.properties, /c3p0.properties, hocon:/reference,/application,/c3p0,/, /mchange-log.properties, /
16:20:11.556 [MLog-Init-Reporter] DEBUG com.mchange.v2.log.MLog - The configuration file for resource identifier '/mchange-commons.properties' could not be found. Skipping.
16:20:11.556 [MLog-Init-Reporter] DEBUG com.mchange.v2.log.MLog - The configuration file for resource identifier '/c3p0.properties' could not be found. Skipping.
16:20:11.556 [MLog-Init-Reporter] DEBUG com.mchange.v2.log.MLog - The configuration file for resource identifier 'hocon:/reference,/application,/c3p0,/' could not be found. Skipping.
16:20:11.557 [MLog-Init-Reporter] DEBUG com.mchange.v2.log.MLog - The configuration file for resource identifier '/mchange-log.properties' could not be found. Skipping.
16:20:11.561 [main] DEBUG com.mchange.v2.cfg.MConfig - The configuration file for resource identifier '/mchange-commons.properties' could not be found. Skipping.
16:20:11.561 [main] DEBUG com.mchange.v2.cfg.MConfig - The configuration file for resource identifier '/mchange-log.properties' could not be found. Skipping.
16:20:11.562 [main] DEBUG com.mchange.v2.cfg.MConfig - The configuration file for resource identifier 'hocon:/reference,/application,/c3p0,/' could not be found. Skipping.
16:20:11.562 [main] DEBUG com.mchange.v2.cfg.MConfig - The configuration file for resource identifier '/c3p0.properties' could not be found. Skipping.
16:20:12.151 [main] INFO  com.mchange.v2.c3p0.C3P0Registry - Initializing c3p0-0.9.5.2 [built 08-December-2015 22:06:04 -0800; debug? true; trace: 10]
16:20:12.232 [main] DEBUG c.m.v.c.m.DynamicPooledDataSourceManagerMBean - MBean: com.mchange.v2.c3p0:type=PooledDataSource,identityToken=1b60hsb9h1wsm67d1qg8dkg|45268cd0,name=1b60hsb9h1wsm67d1qg8dkg|45268cd0 registered.
16:20:12.298 [main] DEBUG c.m.v.c.m.DynamicPooledDataSourceManagerMBean - MBean: com.mchange.v2.c3p0:type=PooledDataSource,identityToken=1b60hsb9h1wsm67d1qg8dkg|45268cd0,name=1b60hsb9h1wsm67d1qg8dkg|45268cd0 unregistered, in order to be reregistered after update.
16:20:12.298 [main] DEBUG c.m.v.c.m.DynamicPooledDataSourceManagerMBean - MBean: com.mchange.v2.c3p0:type=PooledDataSource,identityToken=1b60hsb9h1wsm67d1qg8dkg|45268cd0,name=1b60hsb9h1wsm67d1qg8dkg|45268cd0 registered.
16:20:12.716 [main] DEBUG org.mybatis.spring.SqlSessionFactoryBean - Parsed configuration file: 'class path resource [mybatis/mybatis-config.xml]'
16:20:12.939 [main] DEBUG org.mybatis.spring.SqlSessionFactoryBean - Parsed mapper file: 'file [E:\Workspace\.metadata\.plugins\org.eclipse.wst.server.core\tmp3\wtpwebapps\WaterWorks\WEB-INF\classes\com\water\works\mapping\userMapper.xml]'
16:21:25.024 [ContainerBackgroundProcessor[StandardEngine[Catalina]]] DEBUG c.m.v2.c3p0.management.ActiveManagementCoordinator - MBean: com.mchange.v2.c3p0:type=PooledDataSource,identityToken=1b60hsb9h1wsm67d1qg8dkg|45268cd0,name=1b60hsb9h1wsm67d1qg8dkg|45268cd0 unregistered.
16:21:25.024 [ContainerBackgroundProcessor[StandardEngine[Catalina]]] DEBUG c.m.v2.c3p0.management.ActiveManagementCoordinator - C3P0Registry mbean unregistered.
16:21:27.777 [ContainerBackgroundProcessor[StandardEngine[Catalina]]] DEBUG org.apache.ibatis.logging.LogFactory - Logging initialized using 'class org.apache.ibatis.logging.slf4j.Slf4jImpl' adapter.
16:21:27.899 [MLog-Init-Reporter] INFO  com.mchange.v2.log.MLog - MLog clients using slf4j logging.
16:21:27.931 [MLog-Init-Reporter] DEBUG com.mchange.v2.log.MLog - Reading VM config for path list /com/mchange/v2/log/default-mchange-log.properties, /mchange-commons.properties, /c3p0.properties, hocon:/reference,/application,/c3p0,/, /mchange-log.properties, /
16:21:27.932 [MLog-Init-Reporter] DEBUG com.mchange.v2.log.MLog - The configuration file for resource identifier '/mchange-commons.properties' could not be found. Skipping.
16:21:27.932 [MLog-Init-Reporter] DEBUG com.mchange.v2.log.MLog - The configuration file for resource identifier '/c3p0.properties' could not be found. Skipping.
16:21:27.932 [MLog-Init-Reporter] DEBUG com.mchange.v2.log.MLog - The configuration file for resource identifier 'hocon:/reference,/application,/c3p0,/' could not be found. Skipping.
16:21:27.932 [MLog-Init-Reporter] DEBUG com.mchange.v2.log.MLog - The configuration file for resource identifier '/mchange-log.properties' could not be found. Skipping.
16:21:27.936 [ContainerBackgroundProcessor[StandardEngine[Catalina]]] DEBUG com.mchange.v2.cfg.MConfig - The configuration file for resource identifier '/mchange-commons.properties' could not be found. Skipping.
16:21:27.936 [ContainerBackgroundProcessor[StandardEngine[Catalina]]] DEBUG com.mchange.v2.cfg.MConfig - The configuration file for resource identifier '/mchange-log.properties' could not be found. Skipping.
16:21:27.937 [ContainerBackgroundProcessor[StandardEngine[Catalina]]] DEBUG com.mchange.v2.cfg.MConfig - The configuration file for resource identifier 'hocon:/reference,/application,/c3p0,/' could not be found. Skipping.
16:21:27.937 [ContainerBackgroundProcessor[StandardEngine[Catalina]]] DEBUG com.mchange.v2.cfg.MConfig - The configuration file for resource identifier '/c3p0.properties' could not be found. Skipping.
16:21:28.019 [ContainerBackgroundProcessor[StandardEngine[Catalina]]] INFO  com.mchange.v2.c3p0.C3P0Registry - Initializing c3p0-0.9.5.2 [built 08-December-2015 22:06:04 -0800; debug? true; trace: 10]
16:21:28.091 [ContainerBackgroundProcessor[StandardEngine[Catalina]]] DEBUG c.m.v.c.m.DynamicPooledDataSourceManagerMBean - MBean: com.mchange.v2.c3p0:type=PooledDataSource,identityToken=1b60hsb9h1wsnt4jeh9s20|35c6652a,name=1b60hsb9h1wsnt4jeh9s20|35c6652a registered.
16:21:28.153 [ContainerBackgroundProcessor[StandardEngine[Catalina]]] DEBUG c.m.v.c.m.DynamicPooledDataSourceManagerMBean - MBean: com.mchange.v2.c3p0:type=PooledDataSource,identityToken=1b60hsb9h1wsnt4jeh9s20|35c6652a,name=1b60hsb9h1wsnt4jeh9s20|35c6652a unregistered, in order to be reregistered after update.
16:21:28.154 [ContainerBackgroundProcessor[StandardEngine[Catalina]]] DEBUG c.m.v.c.m.DynamicPooledDataSourceManagerMBean - MBean: com.mchange.v2.c3p0:type=PooledDataSource,identityToken=1b60hsb9h1wsnt4jeh9s20|35c6652a,name=1b60hsb9h1wsnt4jeh9s20|35c6652a registered.
16:21:28.537 [ContainerBackgroundProcessor[StandardEngine[Catalina]]] DEBUG org.mybatis.spring.SqlSessionFactoryBean - Parsed configuration file: 'class path resource [mybatis/mybatis-config.xml]'
16:21:28.724 [ContainerBackgroundProcessor[StandardEngine[Catalina]]] DEBUG org.mybatis.spring.SqlSessionFactoryBean - Parsed mapper file: 'file [E:\Workspace\.metadata\.plugins\org.eclipse.wst.server.core\tmp3\wtpwebapps\WaterWorks\WEB-INF\classes\com\water\works\mapping\userMapper.xml]'
16:21:55.723 [main] DEBUG org.apache.ibatis.logging.LogFactory - Logging initialized using 'class org.apache.ibatis.logging.slf4j.Slf4jImpl' adapter.
16:21:55.899 [MLog-Init-Reporter] INFO  com.mchange.v2.log.MLog - MLog clients using slf4j logging.
16:21:55.933 [MLog-Init-Reporter] DEBUG com.mchange.v2.log.MLog - Reading VM config for path list /com/mchange/v2/log/default-mchange-log.properties, /mchange-commons.properties, /c3p0.properties, hocon:/reference,/application,/c3p0,/, /mchange-log.properties, /
16:21:55.933 [MLog-Init-Reporter] DEBUG com.mchange.v2.log.MLog - The configuration file for resource identifier '/mchange-commons.properties' could not be found. Skipping.
16:21:55.933 [MLog-Init-Reporter] DEBUG com.mchange.v2.log.MLog - The configuration file for resource identifier '/c3p0.properties' could not be found. Skipping.
16:21:55.934 [MLog-Init-Reporter] DEBUG com.mchange.v2.log.MLog - The configuration file for resource identifier 'hocon:/reference,/application,/c3p0,/' could not be found. Skipping.
16:21:55.934 [MLog-Init-Reporter] DEBUG com.mchange.v2.log.MLog - The configuration file for resource identifier '/mchange-log.properties' could not be found. Skipping.
16:21:55.938 [main] DEBUG com.mchange.v2.cfg.MConfig - The configuration file for resource identifier '/mchange-commons.properties' could not be found. Skipping.
16:21:55.938 [main] DEBUG com.mchange.v2.cfg.MConfig - The configuration file for resource identifier '/mchange-log.properties' could not be found. Skipping.
16:21:55.939 [main] DEBUG com.mchange.v2.cfg.MConfig - The configuration file for resource identifier 'hocon:/reference,/application,/c3p0,/' could not be found. Skipping.
16:21:55.939 [main] DEBUG com.mchange.v2.cfg.MConfig - The configuration file for resource identifier '/c3p0.properties' could not be found. Skipping.
16:21:56.466 [main] INFO  com.mchange.v2.c3p0.C3P0Registry - Initializing c3p0-0.9.5.2 [built 08-December-2015 22:06:04 -0800; debug? true; trace: 10]
16:21:56.541 [main] DEBUG c.m.v.c.m.DynamicPooledDataSourceManagerMBean - MBean: com.mchange.v2.c3p0:type=PooledDataSource,identityToken=1b60hsb9h1wsoeqp3odtxj|7c31c1ef,name=1b60hsb9h1wsoeqp3odtxj|7c31c1ef registered.
16:21:56.609 [main] DEBUG c.m.v.c.m.DynamicPooledDataSourceManagerMBean - MBean: com.mchange.v2.c3p0:type=PooledDataSource,identityToken=1b60hsb9h1wsoeqp3odtxj|7c31c1ef,name=1b60hsb9h1wsoeqp3odtxj|7c31c1ef unregistered, in order to be reregistered after update.
16:21:56.609 [main] DEBUG c.m.v.c.m.DynamicPooledDataSourceManagerMBean - MBean: com.mchange.v2.c3p0:type=PooledDataSource,identityToken=1b60hsb9h1wsoeqp3odtxj|7c31c1ef,name=1b60hsb9h1wsoeqp3odtxj|7c31c1ef registered.
16:21:56.961 [main] DEBUG org.mybatis.spring.SqlSessionFactoryBean - Parsed configuration file: 'class path resource [mybatis/mybatis-config.xml]'
16:21:57.135 [main] DEBUG org.mybatis.spring.SqlSessionFactoryBean - Parsed mapper file: 'file [E:\Workspace\.metadata\.plugins\org.eclipse.wst.server.core\tmp3\wtpwebapps\WaterWorks\WEB-INF\classes\com\water\works\mapping\userMapper.xml]'
16:32:20.586 [ContainerBackgroundProcessor[StandardEngine[Catalina]]] DEBUG c.m.v2.c3p0.management.ActiveManagementCoordinator - MBean: com.mchange.v2.c3p0:type=PooledDataSource,identityToken=1b60hsb9h1wsoeqp3odtxj|7c31c1ef,name=1b60hsb9h1wsoeqp3odtxj|7c31c1ef unregistered.
16:32:20.587 [ContainerBackgroundProcessor[StandardEngine[Catalina]]] DEBUG c.m.v2.c3p0.management.ActiveManagementCoordinator - C3P0Registry mbean unregistered.
16:32:23.413 [ContainerBackgroundProcessor[StandardEngine[Catalina]]] DEBUG org.apache.ibatis.logging.LogFactory - Logging initialized using 'class org.apache.ibatis.logging.slf4j.Slf4jImpl' adapter.
16:32:23.534 [MLog-Init-Reporter] INFO  com.mchange.v2.log.MLog - MLog clients using slf4j logging.
16:32:23.568 [MLog-Init-Reporter] DEBUG com.mchange.v2.log.MLog - Reading VM config for path list /com/mchange/v2/log/default-mchange-log.properties, /mchange-commons.properties, /c3p0.properties, hocon:/reference,/application,/c3p0,/, /mchange-log.properties, /
16:32:23.569 [MLog-Init-Reporter] DEBUG com.mchange.v2.log.MLog - The configuration file for resource identifier '/mchange-commons.properties' could not be found. Skipping.
16:32:23.569 [MLog-Init-Reporter] DEBUG com.mchange.v2.log.MLog - The configuration file for resource identifier '/c3p0.properties' could not be found. Skipping.
16:32:23.569 [MLog-Init-Reporter] DEBUG com.mchange.v2.log.MLog - The configuration file for resource identifier 'hocon:/reference,/application,/c3p0,/' could not be found. Skipping.
16:32:23.569 [MLog-Init-Reporter] DEBUG com.mchange.v2.log.MLog - The configuration file for resource identifier '/mchange-log.properties' could not be found. Skipping.
16:32:23.573 [ContainerBackgroundProcessor[StandardEngine[Catalina]]] DEBUG com.mchange.v2.cfg.MConfig - The configuration file for resource identifier '/mchange-commons.properties' could not be found. Skipping.
16:32:23.574 [ContainerBackgroundProcessor[StandardEngine[Catalina]]] DEBUG com.mchange.v2.cfg.MConfig - The configuration file for resource identifier '/mchange-log.properties' could not be found. Skipping.
16:32:23.574 [ContainerBackgroundProcessor[StandardEngine[Catalina]]] DEBUG com.mchange.v2.cfg.MConfig - The configuration file for resource identifier 'hocon:/reference,/application,/c3p0,/' could not be found. Skipping.
16:32:23.574 [ContainerBackgroundProcessor[StandardEngine[Catalina]]] DEBUG com.mchange.v2.cfg.MConfig - The configuration file for resource identifier '/c3p0.properties' could not be found. Skipping.
16:32:23.653 [ContainerBackgroundProcessor[StandardEngine[Catalina]]] INFO  com.mchange.v2.c3p0.C3P0Registry - Initializing c3p0-0.9.5.2 [built 08-December-2015 22:06:04 -0800; debug? true; trace: 10]
16:32:23.722 [ContainerBackgroundProcessor[StandardEngine[Catalina]]] DEBUG c.m.v.c.m.DynamicPooledDataSourceManagerMBean - MBean: com.mchange.v2.c3p0:type=PooledDataSource,identityToken=1b60hsb9h1wt1v0lt5j9fe|40b10653,name=1b60hsb9h1wt1v0lt5j9fe|40b10653 registered.
16:32:23.784 [ContainerBackgroundProcessor[StandardEngine[Catalina]]] DEBUG c.m.v.c.m.DynamicPooledDataSourceManagerMBean - MBean: com.mchange.v2.c3p0:type=PooledDataSource,identityToken=1b60hsb9h1wt1v0lt5j9fe|40b10653,name=1b60hsb9h1wt1v0lt5j9fe|40b10653 unregistered, in order to be reregistered after update.
16:32:23.785 [ContainerBackgroundProcessor[StandardEngine[Catalina]]] DEBUG c.m.v.c.m.DynamicPooledDataSourceManagerMBean - MBean: com.mchange.v2.c3p0:type=PooledDataSource,identityToken=1b60hsb9h1wt1v0lt5j9fe|40b10653,name=1b60hsb9h1wt1v0lt5j9fe|40b10653 registered.
16:32:24.082 [ContainerBackgroundProcessor[StandardEngine[Catalina]]] DEBUG org.mybatis.spring.SqlSessionFactoryBean - Parsed configuration file: 'class path resource [mybatis/mybatis-config.xml]'
16:32:24.244 [ContainerBackgroundProcessor[StandardEngine[Catalina]]] DEBUG org.mybatis.spring.SqlSessionFactoryBean - Parsed mapper file: 'file [E:\Workspace\.metadata\.plugins\org.eclipse.wst.server.core\tmp3\wtpwebapps\WaterWorks\WEB-INF\classes\com\water\works\mapping\userMapper.xml]'
16:44:52.395 [main] DEBUG org.apache.ibatis.logging.LogFactory - Logging initialized using 'class org.apache.ibatis.logging.slf4j.Slf4jImpl' adapter.
16:44:52.612 [MLog-Init-Reporter] INFO  com.mchange.v2.log.MLog - MLog clients using slf4j logging.
16:44:52.648 [MLog-Init-Reporter] DEBUG com.mchange.v2.log.MLog - Reading VM config for path list /com/mchange/v2/log/default-mchange-log.properties, /mchange-commons.properties, /c3p0.properties, hocon:/reference,/application,/c3p0,/, /mchange-log.properties, /
16:44:52.648 [MLog-Init-Reporter] DEBUG com.mchange.v2.log.MLog - The configuration file for resource identifier '/mchange-commons.properties' could not be found. Skipping.
16:44:52.649 [MLog-Init-Reporter] DEBUG com.mchange.v2.log.MLog - The configuration file for resource identifier '/c3p0.properties' could not be found. Skipping.
16:44:52.649 [MLog-Init-Reporter] DEBUG com.mchange.v2.log.MLog - The configuration file for resource identifier 'hocon:/reference,/application,/c3p0,/' could not be found. Skipping.
16:44:52.649 [MLog-Init-Reporter] DEBUG com.mchange.v2.log.MLog - The configuration file for resource identifier '/mchange-log.properties' could not be found. Skipping.
16:44:52.655 [main] DEBUG com.mchange.v2.cfg.MConfig - The configuration file for resource identifier '/mchange-commons.properties' could not be found. Skipping.
16:44:52.655 [main] DEBUG com.mchange.v2.cfg.MConfig - The configuration file for resource identifier '/mchange-log.properties' could not be found. Skipping.
16:44:52.656 [main] DEBUG com.mchange.v2.cfg.MConfig - The configuration file for resource identifier 'hocon:/reference,/application,/c3p0,/' could not be found. Skipping.
16:44:52.656 [main] DEBUG com.mchange.v2.cfg.MConfig - The configuration file for resource identifier '/c3p0.properties' could not be found. Skipping.
16:44:53.174 [main] INFO  com.mchange.v2.c3p0.C3P0Registry - Initializing c3p0-0.9.5.2 [built 08-December-2015 22:06:04 -0800; debug? true; trace: 10]
16:44:53.263 [main] DEBUG c.m.v.c.m.DynamicPooledDataSourceManagerMBean - MBean: com.mchange.v2.c3p0:type=PooledDataSource,identityToken=1b60hsb9h1wthx0s1cq2w8b|801d664,name=1b60hsb9h1wthx0s1cq2w8b|801d664 registered.
16:44:53.328 [main] DEBUG c.m.v.c.m.DynamicPooledDataSourceManagerMBean - MBean: com.mchange.v2.c3p0:type=PooledDataSource,identityToken=1b60hsb9h1wthx0s1cq2w8b|801d664,name=1b60hsb9h1wthx0s1cq2w8b|801d664 unregistered, in order to be reregistered after update.
16:44:53.328 [main] DEBUG c.m.v.c.m.DynamicPooledDataSourceManagerMBean - MBean: com.mchange.v2.c3p0:type=PooledDataSource,identityToken=1b60hsb9h1wthx0s1cq2w8b|801d664,name=1b60hsb9h1wthx0s1cq2w8b|801d664 registered.
16:44:53.677 [main] DEBUG org.mybatis.spring.SqlSessionFactoryBean - Parsed configuration file: 'class path resource [mybatis/mybatis-config.xml]'
16:44:53.856 [main] DEBUG org.mybatis.spring.SqlSessionFactoryBean - Parsed mapper file: 'file [E:\Workspace\.metadata\.plugins\org.eclipse.wst.server.core\tmp3\wtpwebapps\WaterWorks\WEB-INF\classes\com\water\works\mapping\userMapper.xml]'
16:47:38.848 [main] DEBUG org.apache.ibatis.logging.LogFactory - Logging initialized using 'class org.apache.ibatis.logging.slf4j.Slf4jImpl' adapter.
16:47:38.981 [MLog-Init-Reporter] INFO  com.mchange.v2.log.MLog - MLog clients using slf4j logging.
16:47:39.009 [MLog-Init-Reporter] DEBUG com.mchange.v2.log.MLog - Reading VM config for path list /com/mchange/v2/log/default-mchange-log.properties, /mchange-commons.properties, /c3p0.properties, hocon:/reference,/application,/c3p0,/, /mchange-log.properties, /
16:47:39.009 [MLog-Init-Reporter] DEBUG com.mchange.v2.log.MLog - The configuration file for resource identifier '/mchange-commons.properties' could not be found. Skipping.
16:47:39.009 [MLog-Init-Reporter] DEBUG com.mchange.v2.log.MLog - The configuration file for resource identifier '/c3p0.properties' could not be found. Skipping.
16:47:39.009 [MLog-Init-Reporter] DEBUG com.mchange.v2.log.MLog - The configuration file for resource identifier 'hocon:/reference,/application,/c3p0,/' could not be found. Skipping.
16:47:39.010 [MLog-Init-Reporter] DEBUG com.mchange.v2.log.MLog - The configuration file for resource identifier '/mchange-log.properties' could not be found. Skipping.
16:47:39.012 [main] DEBUG com.mchange.v2.cfg.MConfig - The configuration file for resource identifier '/mchange-commons.properties' could not be found. Skipping.
16:47:39.013 [main] DEBUG com.mchange.v2.cfg.MConfig - The configuration file for resource identifier '/mchange-log.properties' could not be found. Skipping.
16:47:39.013 [main] DEBUG com.mchange.v2.cfg.MConfig - The configuration file for resource identifier 'hocon:/reference,/application,/c3p0,/' could not be found. Skipping.
16:47:39.013 [main] DEBUG com.mchange.v2.cfg.MConfig - The configuration file for resource identifier '/c3p0.properties' could not be found. Skipping.
16:47:39.504 [main] INFO  com.mchange.v2.c3p0.C3P0Registry - Initializing c3p0-0.9.5.2 [built 08-December-2015 22:06:04 -0800; debug? true; trace: 10]
16:47:39.574 [main] DEBUG c.m.v.c.m.DynamicPooledDataSourceManagerMBean - MBean: com.mchange.v2.c3p0:type=PooledDataSource,identityToken=1b60hsb9h1wtlhdi4bukk5|5f92452e,name=1b60hsb9h1wtlhdi4bukk5|5f92452e registered.
16:47:39.637 [main] DEBUG c.m.v.c.m.DynamicPooledDataSourceManagerMBean - MBean: com.mchange.v2.c3p0:type=PooledDataSource,identityToken=1b60hsb9h1wtlhdi4bukk5|5f92452e,name=1b60hsb9h1wtlhdi4bukk5|5f92452e unregistered, in order to be reregistered after update.
16:47:39.638 [main] DEBUG c.m.v.c.m.DynamicPooledDataSourceManagerMBean - MBean: com.mchange.v2.c3p0:type=PooledDataSource,identityToken=1b60hsb9h1wtlhdi4bukk5|5f92452e,name=1b60hsb9h1wtlhdi4bukk5|5f92452e registered.
16:47:39.988 [main] DEBUG org.mybatis.spring.SqlSessionFactoryBean - Parsed configuration file: 'class path resource [mybatis/mybatis-config.xml]'
16:47:40.162 [main] DEBUG org.mybatis.spring.SqlSessionFactoryBean - Parsed mapper file: 'file [E:\Workspace\.metadata\.plugins\org.eclipse.wst.server.core\tmp3\wtpwebapps\WaterWorks\WEB-INF\classes\com\water\works\mapping\userMapper.xml]'
16:48:02.078 [ContainerBackgroundProcessor[StandardEngine[Catalina]]] DEBUG c.m.v2.c3p0.management.ActiveManagementCoordinator - MBean: com.mchange.v2.c3p0:type=PooledDataSource,identityToken=1b60hsb9h1wtlhdi4bukk5|5f92452e,name=1b60hsb9h1wtlhdi4bukk5|5f92452e unregistered.
16:48:02.079 [ContainerBackgroundProcessor[StandardEngine[Catalina]]] DEBUG c.m.v2.c3p0.management.ActiveManagementCoordinator - C3P0Registry mbean unregistered.
16:48:04.787 [ContainerBackgroundProcessor[StandardEngine[Catalina]]] DEBUG org.apache.ibatis.logging.LogFactory - Logging initialized using 'class org.apache.ibatis.logging.slf4j.Slf4jImpl' adapter.
16:48:04.881 [MLog-Init-Reporter] INFO  com.mchange.v2.log.MLog - MLog clients using slf4j logging.
16:48:04.910 [MLog-Init-Reporter] DEBUG com.mchange.v2.log.MLog - Reading VM config for path list /com/mchange/v2/log/default-mchange-log.properties, /mchange-commons.properties, /c3p0.properties, hocon:/reference,/application,/c3p0,/, /mchange-log.properties, /
16:48:04.911 [MLog-Init-Reporter] DEBUG com.mchange.v2.log.MLog - The configuration file for resource identifier '/mchange-commons.properties' could not be found. Skipping.
16:48:04.911 [MLog-Init-Reporter] DEBUG com.mchange.v2.log.MLog - The configuration file for resource identifier '/c3p0.properties' could not be found. Skipping.
16:48:04.911 [MLog-Init-Reporter] DEBUG com.mchange.v2.log.MLog - The configuration file for resource identifier 'hocon:/reference,/application,/c3p0,/' could not be found. Skipping.
16:48:04.911 [MLog-Init-Reporter] DEBUG com.mchange.v2.log.MLog - The configuration file for resource identifier '/mchange-log.properties' could not be found. Skipping.
16:48:04.913 [ContainerBackgroundProcessor[StandardEngine[Catalina]]] DEBUG com.mchange.v2.cfg.MConfig - The configuration file for resource identifier '/mchange-commons.properties' could not be found. Skipping.
16:48:04.914 [ContainerBackgroundProcessor[StandardEngine[Catalina]]] DEBUG com.mchange.v2.cfg.MConfig - The configuration file for resource identifier '/mchange-log.properties' could not be found. Skipping.
16:48:04.914 [ContainerBackgroundProcessor[StandardEngine[Catalina]]] DEBUG com.mchange.v2.cfg.MConfig - The configuration file for resource identifier 'hocon:/reference,/application,/c3p0,/' could not be found. Skipping.
16:48:04.914 [ContainerBackgroundProcessor[StandardEngine[Catalina]]] DEBUG com.mchange.v2.cfg.MConfig - The configuration file for resource identifier '/c3p0.properties' could not be found. Skipping.
16:48:04.978 [ContainerBackgroundProcessor[StandardEngine[Catalina]]] INFO  com.mchange.v2.c3p0.C3P0Registry - Initializing c3p0-0.9.5.2 [built 08-December-2015 22:06:04 -0800; debug? true; trace: 10]
16:48:05.029 [ContainerBackgroundProcessor[StandardEngine[Catalina]]] DEBUG c.m.v.c.m.DynamicPooledDataSourceManagerMBean - MBean: com.mchange.v2.c3p0:type=PooledDataSource,identityToken=1b60hsb9h1wtm1cm6uomnn|79c7a73f,name=1b60hsb9h1wtm1cm6uomnn|79c7a73f registered.
16:48:05.078 [ContainerBackgroundProcessor[StandardEngine[Catalina]]] DEBUG c.m.v.c.m.DynamicPooledDataSourceManagerMBean - MBean: com.mchange.v2.c3p0:type=PooledDataSource,identityToken=1b60hsb9h1wtm1cm6uomnn|79c7a73f,name=1b60hsb9h1wtm1cm6uomnn|79c7a73f unregistered, in order to be reregistered after update.
16:48:05.079 [ContainerBackgroundProcessor[StandardEngine[Catalina]]] DEBUG c.m.v.c.m.DynamicPooledDataSourceManagerMBean - MBean: com.mchange.v2.c3p0:type=PooledDataSource,identityToken=1b60hsb9h1wtm1cm6uomnn|79c7a73f,name=1b60hsb9h1wtm1cm6uomnn|79c7a73f registered.
16:48:05.332 [ContainerBackgroundProcessor[StandardEngine[Catalina]]] DEBUG org.mybatis.spring.SqlSessionFactoryBean - Parsed configuration file: 'class path resource [mybatis/mybatis-config.xml]'
16:48:05.489 [ContainerBackgroundProcessor[StandardEngine[Catalina]]] DEBUG org.mybatis.spring.SqlSessionFactoryBean - Parsed mapper file: 'file [E:\Workspace\.metadata\.plugins\org.eclipse.wst.server.core\tmp3\wtpwebapps\WaterWorks\WEB-INF\classes\com\water\works\mapping\userMapper.xml]'
16:56:09.329 [main] DEBUG org.apache.ibatis.logging.LogFactory - Logging initialized using 'class org.apache.ibatis.logging.slf4j.Slf4jImpl' adapter.
16:56:09.481 [MLog-Init-Reporter] INFO  com.mchange.v2.log.MLog - MLog clients using slf4j logging.
16:56:09.511 [MLog-Init-Reporter] DEBUG com.mchange.v2.log.MLog - Reading VM config for path list /com/mchange/v2/log/default-mchange-log.properties, /mchange-commons.properties, /c3p0.properties, hocon:/reference,/application,/c3p0,/, /mchange-log.properties, /
16:56:09.511 [MLog-Init-Reporter] DEBUG com.mchange.v2.log.MLog - The configuration file for resource identifier '/mchange-commons.properties' could not be found. Skipping.
16:56:09.512 [MLog-Init-Reporter] DEBUG com.mchange.v2.log.MLog - The configuration file for resource identifier '/c3p0.properties' could not be found. Skipping.
16:56:09.512 [MLog-Init-Reporter] DEBUG com.mchange.v2.log.MLog - The configuration file for resource identifier 'hocon:/reference,/application,/c3p0,/' could not be found. Skipping.
16:56:09.512 [MLog-Init-Reporter] DEBUG com.mchange.v2.log.MLog - The configuration file for resource identifier '/mchange-log.properties' could not be found. Skipping.
16:56:09.515 [main] DEBUG com.mchange.v2.cfg.MConfig - The configuration file for resource identifier '/mchange-commons.properties' could not be found. Skipping.
16:56:09.516 [main] DEBUG com.mchange.v2.cfg.MConfig - The configuration file for resource identifier '/mchange-log.properties' could not be found. Skipping.
16:56:09.516 [main] DEBUG com.mchange.v2.cfg.MConfig - The configuration file for resource identifier 'hocon:/reference,/application,/c3p0,/' could not be found. Skipping.
16:56:09.516 [main] DEBUG com.mchange.v2.cfg.MConfig - The configuration file for resource identifier '/c3p0.properties' could not be found. Skipping.
16:56:10.012 [main] INFO  com.mchange.v2.c3p0.C3P0Registry - Initializing c3p0-0.9.5.2 [built 08-December-2015 22:06:04 -0800; debug? true; trace: 10]
16:56:10.080 [main] DEBUG c.m.v.c.m.DynamicPooledDataSourceManagerMBean - MBean: com.mchange.v2.c3p0:type=PooledDataSource,identityToken=1b60hsb9h1wtwfa71nodbzl|75305547,name=1b60hsb9h1wtwfa71nodbzl|75305547 registered.
16:56:10.148 [main] DEBUG c.m.v.c.m.DynamicPooledDataSourceManagerMBean - MBean: com.mchange.v2.c3p0:type=PooledDataSource,identityToken=1b60hsb9h1wtwfa71nodbzl|75305547,name=1b60hsb9h1wtwfa71nodbzl|75305547 unregistered, in order to be reregistered after update.
16:56:10.148 [main] DEBUG c.m.v.c.m.DynamicPooledDataSourceManagerMBean - MBean: com.mchange.v2.c3p0:type=PooledDataSource,identityToken=1b60hsb9h1wtwfa71nodbzl|75305547,name=1b60hsb9h1wtwfa71nodbzl|75305547 registered.
16:56:10.506 [main] DEBUG org.mybatis.spring.SqlSessionFactoryBean - Parsed configuration file: 'class path resource [mybatis/mybatis-config.xml]'
16:56:10.675 [main] DEBUG org.mybatis.spring.SqlSessionFactoryBean - Parsed mapper file: 'file [E:\Workspace\.metadata\.plugins\org.eclipse.wst.server.core\tmp3\wtpwebapps\WaterWorks\WEB-INF\classes\com\water\works\mapping\userMapper.xml]'
17:02:33.264 [ContainerBackgroundProcessor[StandardEngine[Catalina]]] DEBUG c.m.v2.c3p0.management.ActiveManagementCoordinator - MBean: com.mchange.v2.c3p0:type=PooledDataSource,identityToken=1b60hsb9h1wtwfa71nodbzl|75305547,name=1b60hsb9h1wtwfa71nodbzl|75305547 unregistered.
17:02:33.265 [ContainerBackgroundProcessor[StandardEngine[Catalina]]] DEBUG c.m.v2.c3p0.management.ActiveManagementCoordinator - C3P0Registry mbean unregistered.
17:02:35.512 [ContainerBackgroundProcessor[StandardEngine[Catalina]]] DEBUG org.apache.ibatis.logging.LogFactory - Logging initialized using 'class org.apache.ibatis.logging.slf4j.Slf4jImpl' adapter.
17:02:35.628 [MLog-Init-Reporter] INFO  com.mchange.v2.log.MLog - MLog clients using slf4j logging.
17:02:35.658 [MLog-Init-Reporter] DEBUG com.mchange.v2.log.MLog - Reading VM config for path list /com/mchange/v2/log/default-mchange-log.properties, /mchange-commons.properties, /c3p0.properties, hocon:/reference,/application,/c3p0,/, /mchange-log.properties, /
17:02:35.658 [MLog-Init-Reporter] DEBUG com.mchange.v2.log.MLog - The configuration file for resource identifier '/mchange-commons.properties' could not be found. Skipping.
17:02:35.659 [MLog-Init-Reporter] DEBUG com.mchange.v2.log.MLog - The configuration file for resource identifier '/c3p0.properties' could not be found. Skipping.
17:02:35.659 [MLog-Init-Reporter] DEBUG com.mchange.v2.log.MLog - The configuration file for resource identifier 'hocon:/reference,/application,/c3p0,/' could not be found. Skipping.
17:02:35.659 [MLog-Init-Reporter] DEBUG com.mchange.v2.log.MLog - The configuration file for resource identifier '/mchange-log.properties' could not be found. Skipping.
17:02:35.661 [ContainerBackgroundProcessor[StandardEngine[Catalina]]] DEBUG com.mchange.v2.cfg.MConfig - The configuration file for resource identifier '/mchange-commons.properties' could not be found. Skipping.
17:02:35.661 [ContainerBackgroundProcessor[StandardEngine[Catalina]]] DEBUG com.mchange.v2.cfg.MConfig - The configuration file for resource identifier '/mchange-log.properties' could not be found. Skipping.
17:02:35.661 [ContainerBackgroundProcessor[StandardEngine[Catalina]]] DEBUG com.mchange.v2.cfg.MConfig - The configuration file for resource identifier 'hocon:/reference,/application,/c3p0,/' could not be found. Skipping.
17:02:35.661 [ContainerBackgroundProcessor[StandardEngine[Catalina]]] DEBUG com.mchange.v2.cfg.MConfig - The configuration file for resource identifier '/c3p0.properties' could not be found. Skipping.
17:02:35.720 [ContainerBackgroundProcessor[StandardEngine[Catalina]]] INFO  com.mchange.v2.c3p0.C3P0Registry - Initializing c3p0-0.9.5.2 [built 08-December-2015 22:06:04 -0800; debug? true; trace: 10]
17:02:35.776 [ContainerBackgroundProcessor[StandardEngine[Catalina]]] DEBUG c.m.v.c.m.DynamicPooledDataSourceManagerMBean - MBean: com.mchange.v2.c3p0:type=PooledDataSource,identityToken=1b60hsb9h1wu4p7z1xwpo8e|503eb778,name=1b60hsb9h1wu4p7z1xwpo8e|503eb778 registered.
17:02:35.821 [ContainerBackgroundProcessor[StandardEngine[Catalina]]] DEBUG c.m.v.c.m.DynamicPooledDataSourceManagerMBean - MBean: com.mchange.v2.c3p0:type=PooledDataSource,identityToken=1b60hsb9h1wu4p7z1xwpo8e|503eb778,name=1b60hsb9h1wu4p7z1xwpo8e|503eb778 unregistered, in order to be reregistered after update.
17:02:35.821 [ContainerBackgroundProcessor[StandardEngine[Catalina]]] DEBUG c.m.v.c.m.DynamicPooledDataSourceManagerMBean - MBean: com.mchange.v2.c3p0:type=PooledDataSource,identityToken=1b60hsb9h1wu4p7z1xwpo8e|503eb778,name=1b60hsb9h1wu4p7z1xwpo8e|503eb778 registered.
17:02:36.068 [ContainerBackgroundProcessor[StandardEngine[Catalina]]] DEBUG org.mybatis.spring.SqlSessionFactoryBean - Parsed configuration file: 'class path resource [mybatis/mybatis-config.xml]'
17:02:36.225 [ContainerBackgroundProcessor[StandardEngine[Catalina]]] DEBUG org.mybatis.spring.SqlSessionFactoryBean - Parsed mapper file: 'file [E:\Workspace\.metadata\.plugins\org.eclipse.wst.server.core\tmp3\wtpwebapps\WaterWorks\WEB-INF\classes\com\water\works\mapping\userMapper.xml]'
17:02:56.434 [main] DEBUG org.apache.ibatis.logging.LogFactory - Logging initialized using 'class org.apache.ibatis.logging.slf4j.Slf4jImpl' adapter.
17:02:56.613 [MLog-Init-Reporter] INFO  com.mchange.v2.log.MLog - MLog clients using slf4j logging.
17:02:56.650 [MLog-Init-Reporter] DEBUG com.mchange.v2.log.MLog - Reading VM config for path list /com/mchange/v2/log/default-mchange-log.properties, /mchange-commons.properties, /c3p0.properties, hocon:/reference,/application,/c3p0,/, /mchange-log.properties, /
17:02:56.650 [MLog-Init-Reporter] DEBUG com.mchange.v2.log.MLog - The configuration file for resource identifier '/mchange-commons.properties' could not be found. Skipping.
17:02:56.651 [MLog-Init-Reporter] DEBUG com.mchange.v2.log.MLog - The configuration file for resource identifier '/c3p0.properties' could not be found. Skipping.
17:02:56.651 [MLog-Init-Reporter] DEBUG com.mchange.v2.log.MLog - The configuration file for resource identifier 'hocon:/reference,/application,/c3p0,/' could not be found. Skipping.
17:02:56.651 [MLog-Init-Reporter] DEBUG com.mchange.v2.log.MLog - The configuration file for resource identifier '/mchange-log.properties' could not be found. Skipping.
17:02:56.656 [main] DEBUG com.mchange.v2.cfg.MConfig - The configuration file for resource identifier '/mchange-commons.properties' could not be found. Skipping.
17:02:56.657 [main] DEBUG com.mchange.v2.cfg.MConfig - The configuration file for resource identifier '/mchange-log.properties' could not be found. Skipping.
17:02:56.657 [main] DEBUG com.mchange.v2.cfg.MConfig - The configuration file for resource identifier 'hocon:/reference,/application,/c3p0,/' could not be found. Skipping.
17:02:56.657 [main] DEBUG com.mchange.v2.cfg.MConfig - The configuration file for resource identifier '/c3p0.properties' could not be found. Skipping.
17:02:57.225 [main] INFO  com.mchange.v2.c3p0.C3P0Registry - Initializing c3p0-0.9.5.2 [built 08-December-2015 22:06:04 -0800; debug? true; trace: 10]
17:02:57.297 [main] DEBUG c.m.v.c.m.DynamicPooledDataSourceManagerMBean - MBean: com.mchange.v2.c3p0:type=PooledDataSource,identityToken=1b60hsb9h1wu55fxijhmgl|4ee7cc9d,name=1b60hsb9h1wu55fxijhmgl|4ee7cc9d registered.
17:02:57.371 [main] DEBUG c.m.v.c.m.DynamicPooledDataSourceManagerMBean - MBean: com.mchange.v2.c3p0:type=PooledDataSource,identityToken=1b60hsb9h1wu55fxijhmgl|4ee7cc9d,name=1b60hsb9h1wu55fxijhmgl|4ee7cc9d unregistered, in order to be reregistered after update.
17:02:57.371 [main] DEBUG c.m.v.c.m.DynamicPooledDataSourceManagerMBean - MBean: com.mchange.v2.c3p0:type=PooledDataSource,identityToken=1b60hsb9h1wu55fxijhmgl|4ee7cc9d,name=1b60hsb9h1wu55fxijhmgl|4ee7cc9d registered.
17:02:57.705 [main] DEBUG org.mybatis.spring.SqlSessionFactoryBean - Parsed configuration file: 'class path resource [mybatis/mybatis-config.xml]'
17:02:57.882 [main] DEBUG org.mybatis.spring.SqlSessionFactoryBean - Parsed mapper file: 'file [E:\Workspace\.metadata\.plugins\org.eclipse.wst.server.core\tmp3\wtpwebapps\WaterWorks\WEB-INF\classes\com\water\works\mapping\userMapper.xml]'
17:05:58.456 [main] DEBUG org.apache.ibatis.logging.LogFactory - Logging initialized using 'class org.apache.ibatis.logging.slf4j.Slf4jImpl' adapter.
17:05:58.626 [MLog-Init-Reporter] INFO  com.mchange.v2.log.MLog - MLog clients using slf4j logging.
17:05:58.666 [MLog-Init-Reporter] DEBUG com.mchange.v2.log.MLog - Reading VM config for path list /com/mchange/v2/log/default-mchange-log.properties, /mchange-commons.properties, /c3p0.properties, hocon:/reference,/application,/c3p0,/, /mchange-log.properties, /
17:05:58.666 [MLog-Init-Reporter] DEBUG com.mchange.v2.log.MLog - The configuration file for resource identifier '/mchange-commons.properties' could not be found. Skipping.
17:05:58.666 [MLog-Init-Reporter] DEBUG com.mchange.v2.log.MLog - The configuration file for resource identifier '/c3p0.properties' could not be found. Skipping.
17:05:58.666 [MLog-Init-Reporter] DEBUG com.mchange.v2.log.MLog - The configuration file for resource identifier 'hocon:/reference,/application,/c3p0,/' could not be found. Skipping.
17:05:58.667 [MLog-Init-Reporter] DEBUG com.mchange.v2.log.MLog - The configuration file for resource identifier '/mchange-log.properties' could not be found. Skipping.
17:05:58.671 [main] DEBUG com.mchange.v2.cfg.MConfig - The configuration file for resource identifier '/mchange-commons.properties' could not be found. Skipping.
17:05:58.672 [main] DEBUG com.mchange.v2.cfg.MConfig - The configuration file for resource identifier '/mchange-log.properties' could not be found. Skipping.
17:05:58.672 [main] DEBUG com.mchange.v2.cfg.MConfig - The configuration file for resource identifier 'hocon:/reference,/application,/c3p0,/' could not be found. Skipping.
17:05:58.672 [main] DEBUG com.mchange.v2.cfg.MConfig - The configuration file for resource identifier '/c3p0.properties' could not be found. Skipping.
17:05:59.176 [main] INFO  com.mchange.v2.c3p0.C3P0Registry - Initializing c3p0-0.9.5.2 [built 08-December-2015 22:06:04 -0800; debug? true; trace: 10]
17:05:59.251 [main] DEBUG c.m.v.c.m.DynamicPooledDataSourceManagerMBean - MBean: com.mchange.v2.c3p0:type=PooledDataSource,identityToken=1b60hsb9h1wu91vo1qjvgk9|2050d5d,name=1b60hsb9h1wu91vo1qjvgk9|2050d5d registered.
17:05:59.319 [main] DEBUG c.m.v.c.m.DynamicPooledDataSourceManagerMBean - MBean: com.mchange.v2.c3p0:type=PooledDataSource,identityToken=1b60hsb9h1wu91vo1qjvgk9|2050d5d,name=1b60hsb9h1wu91vo1qjvgk9|2050d5d unregistered, in order to be reregistered after update.
17:05:59.319 [main] DEBUG c.m.v.c.m.DynamicPooledDataSourceManagerMBean - MBean: com.mchange.v2.c3p0:type=PooledDataSource,identityToken=1b60hsb9h1wu91vo1qjvgk9|2050d5d,name=1b60hsb9h1wu91vo1qjvgk9|2050d5d registered.
17:05:59.653 [main] DEBUG org.mybatis.spring.SqlSessionFactoryBean - Parsed configuration file: 'class path resource [mybatis/mybatis-config.xml]'
17:05:59.828 [main] DEBUG org.mybatis.spring.SqlSessionFactoryBean - Parsed mapper file: 'file [E:\Workspace\.metadata\.plugins\org.eclipse.wst.server.core\tmp3\wtpwebapps\WaterWorks\WEB-INF\classes\com\water\works\mapping\userMapper.xml]'
17:15:59.528 [main] DEBUG org.apache.ibatis.logging.LogFactory - Logging initialized using 'class org.apache.ibatis.logging.slf4j.Slf4jImpl' adapter.
17:15:59.772 [MLog-Init-Reporter] INFO  com.mchange.v2.log.MLog - MLog clients using slf4j logging.
17:15:59.824 [MLog-Init-Reporter] DEBUG com.mchange.v2.log.MLog - Reading VM config for path list /com/mchange/v2/log/default-mchange-log.properties, /mchange-commons.properties, /c3p0.properties, hocon:/reference,/application,/c3p0,/, /mchange-log.properties, /
17:15:59.825 [MLog-Init-Reporter] DEBUG com.mchange.v2.log.MLog - The configuration file for resource identifier '/mchange-commons.properties' could not be found. Skipping.
17:15:59.825 [MLog-Init-Reporter] DEBUG com.mchange.v2.log.MLog - The configuration file for resource identifier '/c3p0.properties' could not be found. Skipping.
17:15:59.825 [MLog-Init-Reporter] DEBUG com.mchange.v2.log.MLog - The configuration file for resource identifier 'hocon:/reference,/application,/c3p0,/' could not be found. Skipping.
17:15:59.825 [MLog-Init-Reporter] DEBUG com.mchange.v2.log.MLog - The configuration file for resource identifier '/mchange-log.properties' could not be found. Skipping.
17:15:59.834 [main] DEBUG com.mchange.v2.cfg.MConfig - The configuration file for resource identifier '/mchange-commons.properties' could not be found. Skipping.
17:15:59.834 [main] DEBUG com.mchange.v2.cfg.MConfig - The configuration file for resource identifier '/mchange-log.properties' could not be found. Skipping.
17:15:59.834 [main] DEBUG com.mchange.v2.cfg.MConfig - The configuration file for resource identifier 'hocon:/reference,/application,/c3p0,/' could not be found. Skipping.
17:15:59.834 [main] DEBUG com.mchange.v2.cfg.MConfig - The configuration file for resource identifier '/c3p0.properties' could not be found. Skipping.
17:16:00.585 [main] INFO  com.mchange.v2.c3p0.C3P0Registry - Initializing c3p0-0.9.5.2 [built 08-December-2015 22:06:04 -0800; debug? true; trace: 10]
17:16:00.696 [main] DEBUG c.m.v.c.m.DynamicPooledDataSourceManagerMBean - MBean: com.mchange.v2.c3p0:type=PooledDataSource,identityToken=1b60hsb9h1wulxrlufl7ap|69c41ba8,name=1b60hsb9h1wulxrlufl7ap|69c41ba8 registered.
17:16:00.801 [main] DEBUG c.m.v.c.m.DynamicPooledDataSourceManagerMBean - MBean: com.mchange.v2.c3p0:type=PooledDataSource,identityToken=1b60hsb9h1wulxrlufl7ap|69c41ba8,name=1b60hsb9h1wulxrlufl7ap|69c41ba8 unregistered, in order to be reregistered after update.
17:16:00.801 [main] DEBUG c.m.v.c.m.DynamicPooledDataSourceManagerMBean - MBean: com.mchange.v2.c3p0:type=PooledDataSource,identityToken=1b60hsb9h1wulxrlufl7ap|69c41ba8,name=1b60hsb9h1wulxrlufl7ap|69c41ba8 registered.
17:16:01.239 [main] DEBUG org.mybatis.spring.SqlSessionFactoryBean - Parsed configuration file: 'class path resource [mybatis/mybatis-config.xml]'
17:16:01.508 [main] DEBUG org.mybatis.spring.SqlSessionFactoryBean - Parsed mapper file: 'file [E:\Workspace\.metadata\.plugins\org.eclipse.wst.server.core\tmp3\wtpwebapps\WaterWorks\WEB-INF\classes\com\water\works\mapping\userMapper.xml]'
17:19:24.738 [ContainerBackgroundProcessor[StandardEngine[Catalina]]] DEBUG c.m.v2.c3p0.management.ActiveManagementCoordinator - MBean: com.mchange.v2.c3p0:type=PooledDataSource,identityToken=1b60hsb9h1wulxrlufl7ap|69c41ba8,name=1b60hsb9h1wulxrlufl7ap|69c41ba8 unregistered.
17:19:24.739 [ContainerBackgroundProcessor[StandardEngine[Catalina]]] DEBUG c.m.v2.c3p0.management.ActiveManagementCoordinator - C3P0Registry mbean unregistered.
17:19:28.759 [ContainerBackgroundProcessor[StandardEngine[Catalina]]] DEBUG org.apache.ibatis.logging.LogFactory - Logging initialized using 'class org.apache.ibatis.logging.slf4j.Slf4jImpl' adapter.
17:19:28.966 [MLog-Init-Reporter] INFO  com.mchange.v2.log.MLog - MLog clients using slf4j logging.
17:19:29.022 [MLog-Init-Reporter] DEBUG com.mchange.v2.log.MLog - Reading VM config for path list /com/mchange/v2/log/default-mchange-log.properties, /mchange-commons.properties, /c3p0.properties, hocon:/reference,/application,/c3p0,/, /mchange-log.properties, /
17:19:29.023 [MLog-Init-Reporter] DEBUG com.mchange.v2.log.MLog - The configuration file for resource identifier '/mchange-commons.properties' could not be found. Skipping.
17:19:29.023 [MLog-Init-Reporter] DEBUG com.mchange.v2.log.MLog - The configuration file for resource identifier '/c3p0.properties' could not be found. Skipping.
17:19:29.023 [MLog-Init-Reporter] DEBUG com.mchange.v2.log.MLog - The configuration file for resource identifier 'hocon:/reference,/application,/c3p0,/' could not be found. Skipping.
17:19:29.024 [MLog-Init-Reporter] DEBUG com.mchange.v2.log.MLog - The configuration file for resource identifier '/mchange-log.properties' could not be found. Skipping.
17:19:29.031 [ContainerBackgroundProcessor[StandardEngine[Catalina]]] DEBUG com.mchange.v2.cfg.MConfig - The configuration file for resource identifier '/mchange-commons.properties' could not be found. Skipping.
17:19:29.032 [ContainerBackgroundProcessor[StandardEngine[Catalina]]] DEBUG com.mchange.v2.cfg.MConfig - The configuration file for resource identifier '/mchange-log.properties' could not be found. Skipping.
17:19:29.032 [ContainerBackgroundProcessor[StandardEngine[Catalina]]] DEBUG com.mchange.v2.cfg.MConfig - The configuration file for resource identifier 'hocon:/reference,/application,/c3p0,/' could not be found. Skipping.
17:19:29.032 [ContainerBackgroundProcessor[StandardEngine[Catalina]]] DEBUG com.mchange.v2.cfg.MConfig - The configuration file for resource identifier '/c3p0.properties' could not be found. Skipping.
17:19:29.151 [ContainerBackgroundProcessor[StandardEngine[Catalina]]] INFO  com.mchange.v2.c3p0.C3P0Registry - Initializing c3p0-0.9.5.2 [built 08-December-2015 22:06:04 -0800; debug? true; trace: 10]
17:19:29.252 [ContainerBackgroundProcessor[StandardEngine[Catalina]]] DEBUG c.m.v.c.m.DynamicPooledDataSourceManagerMBean - MBean: com.mchange.v2.c3p0:type=PooledDataSource,identityToken=1b60hsb9h1wuqf6b1ddwpld|80ece25,name=1b60hsb9h1wuqf6b1ddwpld|80ece25 registered.
17:19:29.346 [ContainerBackgroundProcessor[StandardEngine[Catalina]]] DEBUG c.m.v.c.m.DynamicPooledDataSourceManagerMBean - MBean: com.mchange.v2.c3p0:type=PooledDataSource,identityToken=1b60hsb9h1wuqf6b1ddwpld|80ece25,name=1b60hsb9h1wuqf6b1ddwpld|80ece25 unregistered, in order to be reregistered after update.
17:19:29.348 [ContainerBackgroundProcessor[StandardEngine[Catalina]]] DEBUG c.m.v.c.m.DynamicPooledDataSourceManagerMBean - MBean: com.mchange.v2.c3p0:type=PooledDataSource,identityToken=1b60hsb9h1wuqf6b1ddwpld|80ece25,name=1b60hsb9h1wuqf6b1ddwpld|80ece25 registered.
17:19:29.836 [ContainerBackgroundProcessor[StandardEngine[Catalina]]] DEBUG org.mybatis.spring.SqlSessionFactoryBean - Parsed configuration file: 'class path resource [mybatis/mybatis-config.xml]'
17:19:30.080 [ContainerBackgroundProcessor[StandardEngine[Catalina]]] DEBUG org.mybatis.spring.SqlSessionFactoryBean - Parsed mapper file: 'file [E:\Workspace\.metadata\.plugins\org.eclipse.wst.server.core\tmp3\wtpwebapps\WaterWorks\WEB-INF\classes\com\water\works\mapping\userMapper.xml]'
17:25:43.430 [ContainerBackgroundProcessor[StandardEngine[Catalina]]] DEBUG c.m.v2.c3p0.management.ActiveManagementCoordinator - MBean: com.mchange.v2.c3p0:type=PooledDataSource,identityToken=1b60hsb9h1wuqf6b1ddwpld|80ece25,name=1b60hsb9h1wuqf6b1ddwpld|80ece25 unregistered.
17:25:43.430 [ContainerBackgroundProcessor[StandardEngine[Catalina]]] DEBUG c.m.v2.c3p0.management.ActiveManagementCoordinator - C3P0Registry mbean unregistered.
17:25:46.332 [ContainerBackgroundProcessor[StandardEngine[Catalina]]] DEBUG org.apache.ibatis.logging.LogFactory - Logging initialized using 'class org.apache.ibatis.logging.slf4j.Slf4jImpl' adapter.
17:25:46.495 [MLog-Init-Reporter] INFO  com.mchange.v2.log.MLog - MLog clients using slf4j logging.
17:25:46.544 [MLog-Init-Reporter] DEBUG com.mchange.v2.log.MLog - Reading VM config for path list /com/mchange/v2/log/default-mchange-log.properties, /mchange-commons.properties, /c3p0.properties, hocon:/reference,/application,/c3p0,/, /mchange-log.properties, /
17:25:46.545 [MLog-Init-Reporter] DEBUG com.mchange.v2.log.MLog - The configuration file for resource identifier '/mchange-commons.properties' could not be found. Skipping.
17:25:46.545 [MLog-Init-Reporter] DEBUG com.mchange.v2.log.MLog - The configuration file for resource identifier '/c3p0.properties' could not be found. Skipping.
17:25:46.545 [MLog-Init-Reporter] DEBUG com.mchange.v2.log.MLog - The configuration file for resource identifier 'hocon:/reference,/application,/c3p0,/' could not be found. Skipping.
17:25:46.545 [MLog-Init-Reporter] DEBUG com.mchange.v2.log.MLog - The configuration file for resource identifier '/mchange-log.properties' could not be found. Skipping.
17:25:46.551 [ContainerBackgroundProcessor[StandardEngine[Catalina]]] DEBUG com.mchange.v2.cfg.MConfig - The configuration file for resource identifier '/mchange-commons.properties' could not be found. Skipping.
17:25:46.552 [ContainerBackgroundProcessor[StandardEngine[Catalina]]] DEBUG com.mchange.v2.cfg.MConfig - The configuration file for resource identifier '/mchange-log.properties' could not be found. Skipping.
17:25:46.552 [ContainerBackgroundProcessor[StandardEngine[Catalina]]] DEBUG com.mchange.v2.cfg.MConfig - The configuration file for resource identifier 'hocon:/reference,/application,/c3p0,/' could not be found. Skipping.
17:25:46.552 [ContainerBackgroundProcessor[StandardEngine[Catalina]]] DEBUG com.mchange.v2.cfg.MConfig - The configuration file for resource identifier '/c3p0.properties' could not be found. Skipping.
17:25:46.698 [ContainerBackgroundProcessor[StandardEngine[Catalina]]] INFO  com.mchange.v2.c3p0.C3P0Registry - Initializing c3p0-0.9.5.2 [built 08-December-2015 22:06:04 -0800; debug? true; trace: 10]
17:25:46.841 [ContainerBackgroundProcessor[StandardEngine[Catalina]]] DEBUG c.m.v.c.m.DynamicPooledDataSourceManagerMBean - MBean: com.mchange.v2.c3p0:type=PooledDataSource,identityToken=1b60hsb9h1wuyih1jsxl57|54a4cf45,name=1b60hsb9h1wuyih1jsxl57|54a4cf45 registered.
17:25:46.914 [ContainerBackgroundProcessor[StandardEngine[Catalina]]] DEBUG c.m.v.c.m.DynamicPooledDataSourceManagerMBean - MBean: com.mchange.v2.c3p0:type=PooledDataSource,identityToken=1b60hsb9h1wuyih1jsxl57|54a4cf45,name=1b60hsb9h1wuyih1jsxl57|54a4cf45 unregistered, in order to be reregistered after update.
17:25:46.915 [ContainerBackgroundProcessor[StandardEngine[Catalina]]] DEBUG c.m.v.c.m.DynamicPooledDataSourceManagerMBean - MBean: com.mchange.v2.c3p0:type=PooledDataSource,identityToken=1b60hsb9h1wuyih1jsxl57|54a4cf45,name=1b60hsb9h1wuyih1jsxl57|54a4cf45 registered.
17:25:47.382 [ContainerBackgroundProcessor[StandardEngine[Catalina]]] DEBUG org.mybatis.spring.SqlSessionFactoryBean - Parsed configuration file: 'class path resource [mybatis/mybatis-config.xml]'
17:25:47.643 [ContainerBackgroundProcessor[StandardEngine[Catalina]]] DEBUG org.mybatis.spring.SqlSessionFactoryBean - Parsed mapper file: 'file [E:\Workspace\.metadata\.plugins\org.eclipse.wst.server.core\tmp3\wtpwebapps\WaterWorks\WEB-INF\classes\com\water\works\mapping\userMapper.xml]'
17:29:59.951 [ContainerBackgroundProcessor[StandardEngine[Catalina]]] DEBUG c.m.v2.c3p0.management.ActiveManagementCoordinator - MBean: com.mchange.v2.c3p0:type=PooledDataSource,identityToken=1b60hsb9h1wuyih1jsxl57|54a4cf45,name=1b60hsb9h1wuyih1jsxl57|54a4cf45 unregistered.
17:29:59.951 [ContainerBackgroundProcessor[StandardEngine[Catalina]]] DEBUG c.m.v2.c3p0.management.ActiveManagementCoordinator - C3P0Registry mbean unregistered.
17:30:04.908 [ContainerBackgroundProcessor[StandardEngine[Catalina]]] DEBUG org.apache.ibatis.logging.LogFactory - Logging initialized using 'class org.apache.ibatis.logging.slf4j.Slf4jImpl' adapter.
17:30:05.146 [MLog-Init-Reporter] INFO  com.mchange.v2.log.MLog - MLog clients using slf4j logging.
17:30:05.217 [MLog-Init-Reporter] DEBUG com.mchange.v2.log.MLog - Reading VM config for path list /com/mchange/v2/log/default-mchange-log.properties, /mchange-commons.properties, /c3p0.properties, hocon:/reference,/application,/c3p0,/, /mchange-log.properties, /
17:30:05.218 [MLog-Init-Reporter] DEBUG com.mchange.v2.log.MLog - The configuration file for resource identifier '/mchange-commons.properties' could not be found. Skipping.
17:30:05.218 [MLog-Init-Reporter] DEBUG com.mchange.v2.log.MLog - The configuration file for resource identifier '/c3p0.properties' could not be found. Skipping.
17:30:05.219 [MLog-Init-Reporter] DEBUG com.mchange.v2.log.MLog - The configuration file for resource identifier 'hocon:/reference,/application,/c3p0,/' could not be found. Skipping.
17:30:05.219 [MLog-Init-Reporter] DEBUG com.mchange.v2.log.MLog - The configuration file for resource identifier '/mchange-log.properties' could not be found. Skipping.
17:30:05.225 [ContainerBackgroundProcessor[StandardEngine[Catalina]]] DEBUG com.mchange.v2.cfg.MConfig - The configuration file for resource identifier '/mchange-commons.properties' could not be found. Skipping.
17:30:05.225 [ContainerBackgroundProcessor[StandardEngine[Catalina]]] DEBUG com.mchange.v2.cfg.MConfig - The configuration file for resource identifier '/mchange-log.properties' could not be found. Skipping.
17:30:05.226 [ContainerBackgroundProcessor[StandardEngine[Catalina]]] DEBUG com.mchange.v2.cfg.MConfig - The configuration file for resource identifier 'hocon:/reference,/application,/c3p0,/' could not be found. Skipping.
17:30:05.226 [ContainerBackgroundProcessor[StandardEngine[Catalina]]] DEBUG com.mchange.v2.cfg.MConfig - The configuration file for resource identifier '/c3p0.properties' could not be found. Skipping.
17:30:05.340 [ContainerBackgroundProcessor[StandardEngine[Catalina]]] INFO  com.mchange.v2.c3p0.C3P0Registry - Initializing c3p0-0.9.5.2 [built 08-December-2015 22:06:04 -0800; debug? true; trace: 10]
17:30:05.434 [ContainerBackgroundProcessor[StandardEngine[Catalina]]] DEBUG c.m.v.c.m.DynamicPooledDataSourceManagerMBean - MBean: com.mchange.v2.c3p0:type=PooledDataSource,identityToken=1b60hsb9h1wv421z25y2vi|29e25e8c,name=1b60hsb9h1wv421z25y2vi|29e25e8c registered.
17:30:05.532 [ContainerBackgroundProcessor[StandardEngine[Catalina]]] DEBUG c.m.v.c.m.DynamicPooledDataSourceManagerMBean - MBean: com.mchange.v2.c3p0:type=PooledDataSource,identityToken=1b60hsb9h1wv421z25y2vi|29e25e8c,name=1b60hsb9h1wv421z25y2vi|29e25e8c unregistered, in order to be reregistered after update.
17:30:05.533 [ContainerBackgroundProcessor[StandardEngine[Catalina]]] DEBUG c.m.v.c.m.DynamicPooledDataSourceManagerMBean - MBean: com.mchange.v2.c3p0:type=PooledDataSource,identityToken=1b60hsb9h1wv421z25y2vi|29e25e8c,name=1b60hsb9h1wv421z25y2vi|29e25e8c registered.
17:30:06.104 [ContainerBackgroundProcessor[StandardEngine[Catalina]]] DEBUG org.mybatis.spring.SqlSessionFactoryBean - Parsed configuration file: 'class path resource [mybatis/mybatis-config.xml]'
17:30:06.729 [ContainerBackgroundProcessor[StandardEngine[Catalina]]] DEBUG org.mybatis.spring.SqlSessionFactoryBean - Parsed mapper file: 'file [E:\Workspace\.metadata\.plugins\org.eclipse.wst.server.core\tmp3\wtpwebapps\WaterWorks\WEB-INF\classes\com\water\works\mapping\userMapper.xml]'
17:30:19.594 [ContainerBackgroundProcessor[StandardEngine[Catalina]]] DEBUG c.m.v2.c3p0.management.ActiveManagementCoordinator - MBean: com.mchange.v2.c3p0:type=PooledDataSource,identityToken=1b60hsb9h1wv421z25y2vi|29e25e8c,name=1b60hsb9h1wv421z25y2vi|29e25e8c unregistered.
17:30:19.595 [ContainerBackgroundProcessor[StandardEngine[Catalina]]] DEBUG c.m.v2.c3p0.management.ActiveManagementCoordinator - C3P0Registry mbean unregistered.
17:30:23.393 [ContainerBackgroundProcessor[StandardEngine[Catalina]]] DEBUG org.apache.ibatis.logging.LogFactory - Logging initialized using 'class org.apache.ibatis.logging.slf4j.Slf4jImpl' adapter.
17:30:23.586 [MLog-Init-Reporter] INFO  com.mchange.v2.log.MLog - MLog clients using slf4j logging.
17:30:23.653 [MLog-Init-Reporter] DEBUG com.mchange.v2.log.MLog - Reading VM config for path list /com/mchange/v2/log/default-mchange-log.properties, /mchange-commons.properties, /c3p0.properties, hocon:/reference,/application,/c3p0,/, /mchange-log.properties, /
17:30:23.653 [MLog-Init-Reporter] DEBUG com.mchange.v2.log.MLog - The configuration file for resource identifier '/mchange-commons.properties' could not be found. Skipping.
17:30:23.654 [MLog-Init-Reporter] DEBUG com.mchange.v2.log.MLog - The configuration file for resource identifier '/c3p0.properties' could not be found. Skipping.
17:30:23.654 [MLog-Init-Reporter] DEBUG com.mchange.v2.log.MLog - The configuration file for resource identifier 'hocon:/reference,/application,/c3p0,/' could not be found. Skipping.
17:30:23.654 [MLog-Init-Reporter] DEBUG com.mchange.v2.log.MLog - The configuration file for resource identifier '/mchange-log.properties' could not be found. Skipping.
17:30:23.659 [ContainerBackgroundProcessor[StandardEngine[Catalina]]] DEBUG com.mchange.v2.cfg.MConfig - The configuration file for resource identifier '/mchange-commons.properties' could not be found. Skipping.
17:30:23.660 [ContainerBackgroundProcessor[StandardEngine[Catalina]]] DEBUG com.mchange.v2.cfg.MConfig - The configuration file for resource identifier '/mchange-log.properties' could not be found. Skipping.
17:30:23.660 [ContainerBackgroundProcessor[StandardEngine[Catalina]]] DEBUG com.mchange.v2.cfg.MConfig - The configuration file for resource identifier 'hocon:/reference,/application,/c3p0,/' could not be found. Skipping.
17:30:23.660 [ContainerBackgroundProcessor[StandardEngine[Catalina]]] DEBUG com.mchange.v2.cfg.MConfig - The configuration file for resource identifier '/c3p0.properties' could not be found. Skipping.
17:30:23.815 [ContainerBackgroundProcessor[StandardEngine[Catalina]]] INFO  com.mchange.v2.c3p0.C3P0Registry - Initializing c3p0-0.9.5.2 [built 08-December-2015 22:06:04 -0800; debug? true; trace: 10]
17:30:23.948 [ContainerBackgroundProcessor[StandardEngine[Catalina]]] DEBUG c.m.v.c.m.DynamicPooledDataSourceManagerMBean - MBean: com.mchange.v2.c3p0:type=PooledDataSource,identityToken=1b60hsb9h1wv4gaj182kjr1|a05d054,name=1b60hsb9h1wv4gaj182kjr1|a05d054 registered.
17:30:24.048 [ContainerBackgroundProcessor[StandardEngine[Catalina]]] DEBUG c.m.v.c.m.DynamicPooledDataSourceManagerMBean - MBean: com.mchange.v2.c3p0:type=PooledDataSource,identityToken=1b60hsb9h1wv4gaj182kjr1|a05d054,name=1b60hsb9h1wv4gaj182kjr1|a05d054 unregistered, in order to be reregistered after update.
17:30:24.049 [ContainerBackgroundProcessor[StandardEngine[Catalina]]] DEBUG c.m.v.c.m.DynamicPooledDataSourceManagerMBean - MBean: com.mchange.v2.c3p0:type=PooledDataSource,identityToken=1b60hsb9h1wv4gaj182kjr1|a05d054,name=1b60hsb9h1wv4gaj182kjr1|a05d054 registered.
17:30:24.481 [ContainerBackgroundProcessor[StandardEngine[Catalina]]] DEBUG org.mybatis.spring.SqlSessionFactoryBean - Parsed configuration file: 'class path resource [mybatis/mybatis-config.xml]'
17:30:24.798 [ContainerBackgroundProcessor[StandardEngine[Catalina]]] DEBUG org.mybatis.spring.SqlSessionFactoryBean - Parsed mapper file: 'file [E:\Workspace\.metadata\.plugins\org.eclipse.wst.server.core\tmp3\wtpwebapps\WaterWorks\WEB-INF\classes\com\water\works\mapping\userMapper.xml]'
17:31:07.361 [ContainerBackgroundProcessor[StandardEngine[Catalina]]] DEBUG c.m.v2.c3p0.management.ActiveManagementCoordinator - MBean: com.mchange.v2.c3p0:type=PooledDataSource,identityToken=1b60hsb9h1wv4gaj182kjr1|a05d054,name=1b60hsb9h1wv4gaj182kjr1|a05d054 unregistered.
17:31:07.361 [ContainerBackgroundProcessor[StandardEngine[Catalina]]] DEBUG c.m.v2.c3p0.management.ActiveManagementCoordinator - C3P0Registry mbean unregistered.
17:31:11.489 [ContainerBackgroundProcessor[StandardEngine[Catalina]]] DEBUG org.apache.ibatis.logging.LogFactory - Logging initialized using 'class org.apache.ibatis.logging.slf4j.Slf4jImpl' adapter.
17:31:11.639 [MLog-Init-Reporter] INFO  com.mchange.v2.log.MLog - MLog clients using slf4j logging.
17:31:11.686 [MLog-Init-Reporter] DEBUG com.mchange.v2.log.MLog - Reading VM config for path list /com/mchange/v2/log/default-mchange-log.properties, /mchange-commons.properties, /c3p0.properties, hocon:/reference,/application,/c3p0,/, /mchange-log.properties, /
17:31:11.687 [MLog-Init-Reporter] DEBUG com.mchange.v2.log.MLog - The configuration file for resource identifier '/mchange-commons.properties' could not be found. Skipping.
17:31:11.687 [MLog-Init-Reporter] DEBUG com.mchange.v2.log.MLog - The configuration file for resource identifier '/c3p0.properties' could not be found. Skipping.
17:31:11.688 [MLog-Init-Reporter] DEBUG com.mchange.v2.log.MLog - The configuration file for resource identifier 'hocon:/reference,/application,/c3p0,/' could not be found. Skipping.
17:31:11.688 [MLog-Init-Reporter] DEBUG com.mchange.v2.log.MLog - The configuration file for resource identifier '/mchange-log.properties' could not be found. Skipping.
17:31:11.694 [ContainerBackgroundProcessor[StandardEngine[Catalina]]] DEBUG com.mchange.v2.cfg.MConfig - The configuration file for resource identifier '/mchange-commons.properties' could not be found. Skipping.
17:31:11.694 [ContainerBackgroundProcessor[StandardEngine[Catalina]]] DEBUG com.mchange.v2.cfg.MConfig - The configuration file for resource identifier '/mchange-log.properties' could not be found. Skipping.
17:31:11.694 [ContainerBackgroundProcessor[StandardEngine[Catalina]]] DEBUG com.mchange.v2.cfg.MConfig - The configuration file for resource identifier 'hocon:/reference,/application,/c3p0,/' could not be found. Skipping.
17:31:11.694 [ContainerBackgroundProcessor[StandardEngine[Catalina]]] DEBUG com.mchange.v2.cfg.MConfig - The configuration file for resource identifier '/c3p0.properties' could not be found. Skipping.
17:31:11.807 [ContainerBackgroundProcessor[StandardEngine[Catalina]]] INFO  com.mchange.v2.c3p0.C3P0Registry - Initializing c3p0-0.9.5.2 [built 08-December-2015 22:06:04 -0800; debug? true; trace: 10]
17:31:11.895 [ContainerBackgroundProcessor[StandardEngine[Catalina]]] DEBUG c.m.v.c.m.DynamicPooledDataSourceManagerMBean - MBean: com.mchange.v2.c3p0:type=PooledDataSource,identityToken=1b60hsb9h1wv5hcc1fpew3t|3c2a5f5f,name=1b60hsb9h1wv5hcc1fpew3t|3c2a5f5f registered.
17:31:11.972 [ContainerBackgroundProcessor[StandardEngine[Catalina]]] DEBUG c.m.v.c.m.DynamicPooledDataSourceManagerMBean - MBean: com.mchange.v2.c3p0:type=PooledDataSource,identityToken=1b60hsb9h1wv5hcc1fpew3t|3c2a5f5f,name=1b60hsb9h1wv5hcc1fpew3t|3c2a5f5f unregistered, in order to be reregistered after update.
17:31:11.973 [ContainerBackgroundProcessor[StandardEngine[Catalina]]] DEBUG c.m.v.c.m.DynamicPooledDataSourceManagerMBean - MBean: com.mchange.v2.c3p0:type=PooledDataSource,identityToken=1b60hsb9h1wv5hcc1fpew3t|3c2a5f5f,name=1b60hsb9h1wv5hcc1fpew3t|3c2a5f5f registered.
17:31:12.379 [ContainerBackgroundProcessor[StandardEngine[Catalina]]] DEBUG org.mybatis.spring.SqlSessionFactoryBean - Parsed configuration file: 'class path resource [mybatis/mybatis-config.xml]'
17:31:12.640 [ContainerBackgroundProcessor[StandardEngine[Catalina]]] DEBUG org.mybatis.spring.SqlSessionFactoryBean - Parsed mapper file: 'file [E:\Workspace\.metadata\.plugins\org.eclipse.wst.server.core\tmp3\wtpwebapps\WaterWorks\WEB-INF\classes\com\water\works\mapping\userMapper.xml]'
17:31:25.220 [ContainerBackgroundProcessor[StandardEngine[Catalina]]] DEBUG c.m.v2.c3p0.management.ActiveManagementCoordinator - MBean: com.mchange.v2.c3p0:type=PooledDataSource,identityToken=1b60hsb9h1wv5hcc1fpew3t|3c2a5f5f,name=1b60hsb9h1wv5hcc1fpew3t|3c2a5f5f unregistered.
17:31:25.222 [ContainerBackgroundProcessor[StandardEngine[Catalina]]] DEBUG c.m.v2.c3p0.management.ActiveManagementCoordinator - C3P0Registry mbean unregistered.
17:32:30.864 [main] DEBUG org.apache.ibatis.logging.LogFactory - Logging initialized using 'class org.apache.ibatis.logging.slf4j.Slf4jImpl' adapter.
17:32:31.082 [MLog-Init-Reporter] INFO  com.mchange.v2.log.MLog - MLog clients using slf4j logging.
17:32:31.122 [MLog-Init-Reporter] DEBUG com.mchange.v2.log.MLog - Reading VM config for path list /com/mchange/v2/log/default-mchange-log.properties, /mchange-commons.properties, /c3p0.properties, hocon:/reference,/application,/c3p0,/, /mchange-log.properties, /
17:32:31.123 [MLog-Init-Reporter] DEBUG com.mchange.v2.log.MLog - The configuration file for resource identifier '/mchange-commons.properties' could not be found. Skipping.
17:32:31.123 [MLog-Init-Reporter] DEBUG com.mchange.v2.log.MLog - The configuration file for resource identifier '/c3p0.properties' could not be found. Skipping.
17:32:31.124 [MLog-Init-Reporter] DEBUG com.mchange.v2.log.MLog - The configuration file for resource identifier 'hocon:/reference,/application,/c3p0,/' could not be found. Skipping.
17:32:31.124 [MLog-Init-Reporter] DEBUG com.mchange.v2.log.MLog - The configuration file for resource identifier '/mchange-log.properties' could not be found. Skipping.
17:32:31.128 [main] DEBUG com.mchange.v2.cfg.MConfig - The configuration file for resource identifier '/mchange-commons.properties' could not be found. Skipping.
17:32:31.128 [main] DEBUG com.mchange.v2.cfg.MConfig - The configuration file for resource identifier '/mchange-log.properties' could not be found. Skipping.
17:32:31.128 [main] DEBUG com.mchange.v2.cfg.MConfig - The configuration file for resource identifier 'hocon:/reference,/application,/c3p0,/' could not be found. Skipping.
17:32:31.129 [main] DEBUG com.mchange.v2.cfg.MConfig - The configuration file for resource identifier '/c3p0.properties' could not be found. Skipping.
17:32:31.687 [main] INFO  com.mchange.v2.c3p0.C3P0Registry - Initializing c3p0-0.9.5.2 [built 08-December-2015 22:06:04 -0800; debug? true; trace: 10]
17:32:31.769 [main] DEBUG c.m.v.c.m.DynamicPooledDataSourceManagerMBean - MBean: com.mchange.v2.c3p0:type=PooledDataSource,identityToken=1b60hsb9h1wv76mnga6dpm|8af5eb4,name=1b60hsb9h1wv76mnga6dpm|8af5eb4 registered.
17:32:31.841 [main] DEBUG c.m.v.c.m.DynamicPooledDataSourceManagerMBean - MBean: com.mchange.v2.c3p0:type=PooledDataSource,identityToken=1b60hsb9h1wv76mnga6dpm|8af5eb4,name=1b60hsb9h1wv76mnga6dpm|8af5eb4 unregistered, in order to be reregistered after update.
17:32:31.842 [main] DEBUG c.m.v.c.m.DynamicPooledDataSourceManagerMBean - MBean: com.mchange.v2.c3p0:type=PooledDataSource,identityToken=1b60hsb9h1wv76mnga6dpm|8af5eb4,name=1b60hsb9h1wv76mnga6dpm|8af5eb4 registered.
17:32:32.193 [main] DEBUG org.mybatis.spring.SqlSessionFactoryBean - Parsed configuration file: 'class path resource [mybatis/mybatis-config.xml]'
17:32:32.401 [main] DEBUG org.mybatis.spring.SqlSessionFactoryBean - Parsed mapper file: 'file [E:\Workspace\.metadata\.plugins\org.eclipse.wst.server.core\tmp3\wtpwebapps\WaterWorks\WEB-INF\classes\com\water\works\mapping\userMapper.xml]'
17:34:24.510 [ContainerBackgroundProcessor[StandardEngine[Catalina]]] DEBUG c.m.v2.c3p0.management.ActiveManagementCoordinator - MBean: com.mchange.v2.c3p0:type=PooledDataSource,identityToken=1b60hsb9h1wv76mnga6dpm|8af5eb4,name=1b60hsb9h1wv76mnga6dpm|8af5eb4 unregistered.
17:34:24.510 [ContainerBackgroundProcessor[StandardEngine[Catalina]]] DEBUG c.m.v2.c3p0.management.ActiveManagementCoordinator - C3P0Registry mbean unregistered.
17:34:27.029 [ContainerBackgroundProcessor[StandardEngine[Catalina]]] DEBUG org.apache.ibatis.logging.LogFactory - Logging initialized using 'class org.apache.ibatis.logging.slf4j.Slf4jImpl' adapter.
17:34:27.120 [MLog-Init-Reporter] INFO  com.mchange.v2.log.MLog - MLog clients using slf4j logging.
17:34:27.146 [MLog-Init-Reporter] DEBUG com.mchange.v2.log.MLog - Reading VM config for path list /com/mchange/v2/log/default-mchange-log.properties, /mchange-commons.properties, /c3p0.properties, hocon:/reference,/application,/c3p0,/, /mchange-log.properties, /
17:34:27.147 [MLog-Init-Reporter] DEBUG com.mchange.v2.log.MLog - The configuration file for resource identifier '/mchange-commons.properties' could not be found. Skipping.
17:34:27.147 [MLog-Init-Reporter] DEBUG com.mchange.v2.log.MLog - The configuration file for resource identifier '/c3p0.properties' could not be found. Skipping.
17:34:27.147 [MLog-Init-Reporter] DEBUG com.mchange.v2.log.MLog - The configuration file for resource identifier 'hocon:/reference,/application,/c3p0,/' could not be found. Skipping.
17:34:27.148 [MLog-Init-Reporter] DEBUG com.mchange.v2.log.MLog - The configuration file for resource identifier '/mchange-log.properties' could not be found. Skipping.
17:34:27.150 [ContainerBackgroundProcessor[StandardEngine[Catalina]]] DEBUG com.mchange.v2.cfg.MConfig - The configuration file for resource identifier '/mchange-commons.properties' could not be found. Skipping.
17:34:27.150 [ContainerBackgroundProcessor[StandardEngine[Catalina]]] DEBUG com.mchange.v2.cfg.MConfig - The configuration file for resource identifier '/mchange-log.properties' could not be found. Skipping.
17:34:27.150 [ContainerBackgroundProcessor[StandardEngine[Catalina]]] DEBUG com.mchange.v2.cfg.MConfig - The configuration file for resource identifier 'hocon:/reference,/application,/c3p0,/' could not be found. Skipping.
17:34:27.150 [ContainerBackgroundProcessor[StandardEngine[Catalina]]] DEBUG com.mchange.v2.cfg.MConfig - The configuration file for resource identifier '/c3p0.properties' could not be found. Skipping.
17:34:27.216 [ContainerBackgroundProcessor[StandardEngine[Catalina]]] INFO  com.mchange.v2.c3p0.C3P0Registry - Initializing c3p0-0.9.5.2 [built 08-December-2015 22:06:04 -0800; debug? true; trace: 10]
17:34:27.268 [ContainerBackgroundProcessor[StandardEngine[Catalina]]] DEBUG c.m.v.c.m.DynamicPooledDataSourceManagerMBean - MBean: com.mchange.v2.c3p0:type=PooledDataSource,identityToken=1b60hsb9h1wv9o54yxoq16|8d1e6fb,name=1b60hsb9h1wv9o54yxoq16|8d1e6fb registered.
17:34:27.334 [ContainerBackgroundProcessor[StandardEngine[Catalina]]] DEBUG c.m.v.c.m.DynamicPooledDataSourceManagerMBean - MBean: com.mchange.v2.c3p0:type=PooledDataSource,identityToken=1b60hsb9h1wv9o54yxoq16|8d1e6fb,name=1b60hsb9h1wv9o54yxoq16|8d1e6fb unregistered, in order to be reregistered after update.
17:34:27.335 [ContainerBackgroundProcessor[StandardEngine[Catalina]]] DEBUG c.m.v.c.m.DynamicPooledDataSourceManagerMBean - MBean: com.mchange.v2.c3p0:type=PooledDataSource,identityToken=1b60hsb9h1wv9o54yxoq16|8d1e6fb,name=1b60hsb9h1wv9o54yxoq16|8d1e6fb registered.
17:34:27.621 [ContainerBackgroundProcessor[StandardEngine[Catalina]]] DEBUG org.mybatis.spring.SqlSessionFactoryBean - Parsed configuration file: 'class path resource [mybatis/mybatis-config.xml]'
17:34:27.790 [ContainerBackgroundProcessor[StandardEngine[Catalina]]] DEBUG org.mybatis.spring.SqlSessionFactoryBean - Parsed mapper file: 'file [E:\Workspace\.metadata\.plugins\org.eclipse.wst.server.core\tmp3\wtpwebapps\WaterWorks\WEB-INF\classes\com\water\works\mapping\userMapper.xml]'
17:34:49.547 [ContainerBackgroundProcessor[StandardEngine[Catalina]]] DEBUG c.m.v2.c3p0.management.ActiveManagementCoordinator - MBean: com.mchange.v2.c3p0:type=PooledDataSource,identityToken=1b60hsb9h1wv9o54yxoq16|8d1e6fb,name=1b60hsb9h1wv9o54yxoq16|8d1e6fb unregistered.
17:34:49.547 [ContainerBackgroundProcessor[StandardEngine[Catalina]]] DEBUG c.m.v2.c3p0.management.ActiveManagementCoordinator - C3P0Registry mbean unregistered.
17:34:51.573 [ContainerBackgroundProcessor[StandardEngine[Catalina]]] DEBUG org.apache.ibatis.logging.LogFactory - Logging initialized using 'class org.apache.ibatis.logging.slf4j.Slf4jImpl' adapter.
17:34:51.713 [MLog-Init-Reporter] INFO  com.mchange.v2.log.MLog - MLog clients using slf4j logging.
17:34:51.751 [MLog-Init-Reporter] DEBUG com.mchange.v2.log.MLog - Reading VM config for path list /com/mchange/v2/log/default-mchange-log.properties, /mchange-commons.properties, /c3p0.properties, hocon:/reference,/application,/c3p0,/, /mchange-log.properties, /
17:34:51.751 [MLog-Init-Reporter] DEBUG com.mchange.v2.log.MLog - The configuration file for resource identifier '/mchange-commons.properties' could not be found. Skipping.
17:34:51.751 [MLog-Init-Reporter] DEBUG com.mchange.v2.log.MLog - The configuration file for resource identifier '/c3p0.properties' could not be found. Skipping.
17:34:51.751 [MLog-Init-Reporter] DEBUG com.mchange.v2.log.MLog - The configuration file for resource identifier 'hocon:/reference,/application,/c3p0,/' could not be found. Skipping.
17:34:51.752 [MLog-Init-Reporter] DEBUG com.mchange.v2.log.MLog - The configuration file for resource identifier '/mchange-log.properties' could not be found. Skipping.
17:34:51.755 [ContainerBackgroundProcessor[StandardEngine[Catalina]]] DEBUG com.mchange.v2.cfg.MConfig - The configuration file for resource identifier '/mchange-commons.properties' could not be found. Skipping.
17:34:51.755 [ContainerBackgroundProcessor[StandardEngine[Catalina]]] DEBUG com.mchange.v2.cfg.MConfig - The configuration file for resource identifier '/mchange-log.properties' could not be found. Skipping.
17:34:51.756 [ContainerBackgroundProcessor[StandardEngine[Catalina]]] DEBUG com.mchange.v2.cfg.MConfig - The configuration file for resource identifier 'hocon:/reference,/application,/c3p0,/' could not be found. Skipping.
17:34:51.756 [ContainerBackgroundProcessor[StandardEngine[Catalina]]] DEBUG com.mchange.v2.cfg.MConfig - The configuration file for resource identifier '/c3p0.properties' could not be found. Skipping.
17:34:51.852 [ContainerBackgroundProcessor[StandardEngine[Catalina]]] INFO  com.mchange.v2.c3p0.C3P0Registry - Initializing c3p0-0.9.5.2 [built 08-December-2015 22:06:04 -0800; debug? true; trace: 10]
17:34:51.929 [ContainerBackgroundProcessor[StandardEngine[Catalina]]] DEBUG c.m.v.c.m.DynamicPooledDataSourceManagerMBean - MBean: com.mchange.v2.c3p0:type=PooledDataSource,identityToken=1b60hsb9h1wva752od9ym3|66507a40,name=1b60hsb9h1wva752od9ym3|66507a40 registered.
17:34:51.996 [ContainerBackgroundProcessor[StandardEngine[Catalina]]] DEBUG c.m.v.c.m.DynamicPooledDataSourceManagerMBean - MBean: com.mchange.v2.c3p0:type=PooledDataSource,identityToken=1b60hsb9h1wva752od9ym3|66507a40,name=1b60hsb9h1wva752od9ym3|66507a40 unregistered, in order to be reregistered after update.
17:34:51.997 [ContainerBackgroundProcessor[StandardEngine[Catalina]]] DEBUG c.m.v.c.m.DynamicPooledDataSourceManagerMBean - MBean: com.mchange.v2.c3p0:type=PooledDataSource,identityToken=1b60hsb9h1wva752od9ym3|66507a40,name=1b60hsb9h1wva752od9ym3|66507a40 registered.
17:34:52.358 [ContainerBackgroundProcessor[StandardEngine[Catalina]]] DEBUG org.mybatis.spring.SqlSessionFactoryBean - Parsed configuration file: 'class path resource [mybatis/mybatis-config.xml]'
17:34:52.587 [ContainerBackgroundProcessor[StandardEngine[Catalina]]] DEBUG org.mybatis.spring.SqlSessionFactoryBean - Parsed mapper file: 'file [E:\Workspace\.metadata\.plugins\org.eclipse.wst.server.core\tmp3\wtpwebapps\WaterWorks\WEB-INF\classes\com\water\works\mapping\userMapper.xml]'
17:38:54.918 [ContainerBackgroundProcessor[StandardEngine[Catalina]]] DEBUG c.m.v2.c3p0.management.ActiveManagementCoordinator - MBean: com.mchange.v2.c3p0:type=PooledDataSource,identityToken=1b60hsb9h1wva752od9ym3|66507a40,name=1b60hsb9h1wva752od9ym3|66507a40 unregistered.
17:38:54.918 [ContainerBackgroundProcessor[StandardEngine[Catalina]]] DEBUG c.m.v2.c3p0.management.ActiveManagementCoordinator - C3P0Registry mbean unregistered.
17:38:56.946 [ContainerBackgroundProcessor[StandardEngine[Catalina]]] DEBUG org.apache.ibatis.logging.LogFactory - Logging initialized using 'class org.apache.ibatis.logging.slf4j.Slf4jImpl' adapter.
17:38:57.056 [MLog-Init-Reporter] INFO  com.mchange.v2.log.MLog - MLog clients using slf4j logging.
17:38:57.083 [MLog-Init-Reporter] DEBUG com.mchange.v2.log.MLog - Reading VM config for path list /com/mchange/v2/log/default-mchange-log.properties, /mchange-commons.properties, /c3p0.properties, hocon:/reference,/application,/c3p0,/, /mchange-log.properties, /
17:38:57.083 [MLog-Init-Reporter] DEBUG com.mchange.v2.log.MLog - The configuration file for resource identifier '/mchange-commons.properties' could not be found. Skipping.
17:38:57.083 [MLog-Init-Reporter] DEBUG com.mchange.v2.log.MLog - The configuration file for resource identifier '/c3p0.properties' could not be found. Skipping.
17:38:57.083 [MLog-Init-Reporter] DEBUG com.mchange.v2.log.MLog - The configuration file for resource identifier 'hocon:/reference,/application,/c3p0,/' could not be found. Skipping.
17:38:57.084 [MLog-Init-Reporter] DEBUG com.mchange.v2.log.MLog - The configuration file for resource identifier '/mchange-log.properties' could not be found. Skipping.
17:38:57.087 [ContainerBackgroundProcessor[StandardEngine[Catalina]]] DEBUG com.mchange.v2.cfg.MConfig - The configuration file for resource identifier '/mchange-commons.properties' could not be found. Skipping.
17:38:57.087 [ContainerBackgroundProcessor[StandardEngine[Catalina]]] DEBUG com.mchange.v2.cfg.MConfig - The configuration file for resource identifier '/mchange-log.properties' could not be found. Skipping.
17:38:57.087 [ContainerBackgroundProcessor[StandardEngine[Catalina]]] DEBUG com.mchange.v2.cfg.MConfig - The configuration file for resource identifier 'hocon:/reference,/application,/c3p0,/' could not be found. Skipping.
17:38:57.087 [ContainerBackgroundProcessor[StandardEngine[Catalina]]] DEBUG com.mchange.v2.cfg.MConfig - The configuration file for resource identifier '/c3p0.properties' could not be found. Skipping.
17:38:57.150 [ContainerBackgroundProcessor[StandardEngine[Catalina]]] INFO  com.mchange.v2.c3p0.C3P0Registry - Initializing c3p0-0.9.5.2 [built 08-December-2015 22:06:04 -0800; debug? true; trace: 10]
17:38:57.196 [ContainerBackgroundProcessor[StandardEngine[Catalina]]] DEBUG c.m.v.c.m.DynamicPooledDataSourceManagerMBean - MBean: com.mchange.v2.c3p0:type=PooledDataSource,identityToken=1b60hsb9h1wvfgf8gxz7dy|28e2ea1e,name=1b60hsb9h1wvfgf8gxz7dy|28e2ea1e registered.
17:38:57.240 [ContainerBackgroundProcessor[StandardEngine[Catalina]]] DEBUG c.m.v.c.m.DynamicPooledDataSourceManagerMBean - MBean: com.mchange.v2.c3p0:type=PooledDataSource,identityToken=1b60hsb9h1wvfgf8gxz7dy|28e2ea1e,name=1b60hsb9h1wvfgf8gxz7dy|28e2ea1e unregistered, in order to be reregistered after update.
17:38:57.241 [ContainerBackgroundProcessor[StandardEngine[Catalina]]] DEBUG c.m.v.c.m.DynamicPooledDataSourceManagerMBean - MBean: com.mchange.v2.c3p0:type=PooledDataSource,identityToken=1b60hsb9h1wvfgf8gxz7dy|28e2ea1e,name=1b60hsb9h1wvfgf8gxz7dy|28e2ea1e registered.
17:38:57.470 [ContainerBackgroundProcessor[StandardEngine[Catalina]]] DEBUG org.mybatis.spring.SqlSessionFactoryBean - Parsed configuration file: 'class path resource [mybatis/mybatis-config.xml]'
17:38:57.621 [ContainerBackgroundProcessor[StandardEngine[Catalina]]] DEBUG org.mybatis.spring.SqlSessionFactoryBean - Parsed mapper file: 'file [E:\Workspace\.metadata\.plugins\org.eclipse.wst.server.core\tmp3\wtpwebapps\WaterWorks\WEB-INF\classes\com\water\works\mapping\userMapper.xml]'
17:40:18.896 [ContainerBackgroundProcessor[StandardEngine[Catalina]]] DEBUG c.m.v2.c3p0.management.ActiveManagementCoordinator - MBean: com.mchange.v2.c3p0:type=PooledDataSource,identityToken=1b60hsb9h1wvfgf8gxz7dy|28e2ea1e,name=1b60hsb9h1wvfgf8gxz7dy|28e2ea1e unregistered.
17:40:18.896 [ContainerBackgroundProcessor[StandardEngine[Catalina]]] DEBUG c.m.v2.c3p0.management.ActiveManagementCoordinator - C3P0Registry mbean unregistered.
17:40:20.852 [ContainerBackgroundProcessor[StandardEngine[Catalina]]] DEBUG org.apache.ibatis.logging.LogFactory - Logging initialized using 'class org.apache.ibatis.logging.slf4j.Slf4jImpl' adapter.
17:40:20.925 [MLog-Init-Reporter] INFO  com.mchange.v2.log.MLog - MLog clients using slf4j logging.
17:40:20.947 [MLog-Init-Reporter] DEBUG com.mchange.v2.log.MLog - Reading VM config for path list /com/mchange/v2/log/default-mchange-log.properties, /mchange-commons.properties, /c3p0.properties, hocon:/reference,/application,/c3p0,/, /mchange-log.properties, /
17:40:20.947 [MLog-Init-Reporter] DEBUG com.mchange.v2.log.MLog - The configuration file for resource identifier '/mchange-commons.properties' could not be found. Skipping.
17:40:20.948 [MLog-Init-Reporter] DEBUG com.mchange.v2.log.MLog - The configuration file for resource identifier '/c3p0.properties' could not be found. Skipping.
17:40:20.948 [MLog-Init-Reporter] DEBUG com.mchange.v2.log.MLog - The configuration file for resource identifier 'hocon:/reference,/application,/c3p0,/' could not be found. Skipping.
17:40:20.948 [MLog-Init-Reporter] DEBUG com.mchange.v2.log.MLog - The configuration file for resource identifier '/mchange-log.properties' could not be found. Skipping.
17:40:20.953 [ContainerBackgroundProcessor[StandardEngine[Catalina]]] DEBUG com.mchange.v2.cfg.MConfig - The configuration file for resource identifier '/mchange-commons.properties' could not be found. Skipping.
17:40:20.953 [ContainerBackgroundProcessor[StandardEngine[Catalina]]] DEBUG com.mchange.v2.cfg.MConfig - The configuration file for resource identifier '/mchange-log.properties' could not be found. Skipping.
17:40:20.953 [ContainerBackgroundProcessor[StandardEngine[Catalina]]] DEBUG com.mchange.v2.cfg.MConfig - The configuration file for resource identifier 'hocon:/reference,/application,/c3p0,/' could not be found. Skipping.
17:40:20.953 [ContainerBackgroundProcessor[StandardEngine[Catalina]]] DEBUG com.mchange.v2.cfg.MConfig - The configuration file for resource identifier '/c3p0.properties' could not be found. Skipping.
17:40:21.005 [ContainerBackgroundProcessor[StandardEngine[Catalina]]] INFO  com.mchange.v2.c3p0.C3P0Registry - Initializing c3p0-0.9.5.2 [built 08-December-2015 22:06:04 -0800; debug? true; trace: 10]
17:40:21.049 [ContainerBackgroundProcessor[StandardEngine[Catalina]]] DEBUG c.m.v.c.m.DynamicPooledDataSourceManagerMBean - MBean: com.mchange.v2.c3p0:type=PooledDataSource,identityToken=1b60hsb9h1wvh94pfmka3h|6e0f0f43,name=1b60hsb9h1wvh94pfmka3h|6e0f0f43 registered.
17:40:21.088 [ContainerBackgroundProcessor[StandardEngine[Catalina]]] DEBUG c.m.v.c.m.DynamicPooledDataSourceManagerMBean - MBean: com.mchange.v2.c3p0:type=PooledDataSource,identityToken=1b60hsb9h1wvh94pfmka3h|6e0f0f43,name=1b60hsb9h1wvh94pfmka3h|6e0f0f43 unregistered, in order to be reregistered after update.
17:40:21.088 [ContainerBackgroundProcessor[StandardEngine[Catalina]]] DEBUG c.m.v.c.m.DynamicPooledDataSourceManagerMBean - MBean: com.mchange.v2.c3p0:type=PooledDataSource,identityToken=1b60hsb9h1wvh94pfmka3h|6e0f0f43,name=1b60hsb9h1wvh94pfmka3h|6e0f0f43 registered.
17:40:21.305 [ContainerBackgroundProcessor[StandardEngine[Catalina]]] DEBUG org.mybatis.spring.SqlSessionFactoryBean - Parsed configuration file: 'class path resource [mybatis/mybatis-config.xml]'
17:40:21.445 [ContainerBackgroundProcessor[StandardEngine[Catalina]]] DEBUG org.mybatis.spring.SqlSessionFactoryBean - Parsed mapper file: 'file [E:\Workspace\.metadata\.plugins\org.eclipse.wst.server.core\tmp3\wtpwebapps\WaterWorks\WEB-INF\classes\com\water\works\mapping\userMapper.xml]'
17:42:02.944 [ContainerBackgroundProcessor[StandardEngine[Catalina]]] DEBUG c.m.v2.c3p0.management.ActiveManagementCoordinator - MBean: com.mchange.v2.c3p0:type=PooledDataSource,identityToken=1b60hsb9h1wvh94pfmka3h|6e0f0f43,name=1b60hsb9h1wvh94pfmka3h|6e0f0f43 unregistered.
17:42:02.945 [ContainerBackgroundProcessor[StandardEngine[Catalina]]] DEBUG c.m.v2.c3p0.management.ActiveManagementCoordinator - C3P0Registry mbean unregistered.
17:42:04.754 [ContainerBackgroundProcessor[StandardEngine[Catalina]]] DEBUG org.apache.ibatis.logging.LogFactory - Logging initialized using 'class org.apache.ibatis.logging.slf4j.Slf4jImpl' adapter.
17:42:04.833 [MLog-Init-Reporter] INFO  com.mchange.v2.log.MLog - MLog clients using slf4j logging.
17:42:04.851 [MLog-Init-Reporter] DEBUG com.mchange.v2.log.MLog - Reading VM config for path list /com/mchange/v2/log/default-mchange-log.properties, /mchange-commons.properties, /c3p0.properties, hocon:/reference,/application,/c3p0,/, /mchange-log.properties, /
17:42:04.851 [MLog-Init-Reporter] DEBUG com.mchange.v2.log.MLog - The configuration file for resource identifier '/mchange-commons.properties' could not be found. Skipping.
17:42:04.851 [MLog-Init-Reporter] DEBUG com.mchange.v2.log.MLog - The configuration file for resource identifier '/c3p0.properties' could not be found. Skipping.
17:42:04.852 [MLog-Init-Reporter] DEBUG com.mchange.v2.log.MLog - The configuration file for resource identifier 'hocon:/reference,/application,/c3p0,/' could not be found. Skipping.
17:42:04.852 [MLog-Init-Reporter] DEBUG com.mchange.v2.log.MLog - The configuration file for resource identifier '/mchange-log.properties' could not be found. Skipping.
17:42:04.863 [ContainerBackgroundProcessor[StandardEngine[Catalina]]] DEBUG com.mchange.v2.cfg.MConfig - The configuration file for resource identifier '/mchange-commons.properties' could not be found. Skipping.
17:42:04.864 [ContainerBackgroundProcessor[StandardEngine[Catalina]]] DEBUG com.mchange.v2.cfg.MConfig - The configuration file for resource identifier '/mchange-log.properties' could not be found. Skipping.
17:42:04.864 [ContainerBackgroundProcessor[StandardEngine[Catalina]]] DEBUG com.mchange.v2.cfg.MConfig - The configuration file for resource identifier 'hocon:/reference,/application,/c3p0,/' could not be found. Skipping.
17:42:04.864 [ContainerBackgroundProcessor[StandardEngine[Catalina]]] DEBUG com.mchange.v2.cfg.MConfig - The configuration file for resource identifier '/c3p0.properties' could not be found. Skipping.
17:42:04.915 [ContainerBackgroundProcessor[StandardEngine[Catalina]]] INFO  com.mchange.v2.c3p0.C3P0Registry - Initializing c3p0-0.9.5.2 [built 08-December-2015 22:06:04 -0800; debug? true; trace: 10]
17:42:04.963 [ContainerBackgroundProcessor[StandardEngine[Catalina]]] DEBUG c.m.v.c.m.DynamicPooledDataSourceManagerMBean - MBean: com.mchange.v2.c3p0:type=PooledDataSource,identityToken=1b60hsb9h1wvjhb410xycbv|14ce3deb,name=1b60hsb9h1wvjhb410xycbv|14ce3deb registered.
17:42:05.001 [ContainerBackgroundProcessor[StandardEngine[Catalina]]] DEBUG c.m.v.c.m.DynamicPooledDataSourceManagerMBean - MBean: com.mchange.v2.c3p0:type=PooledDataSource,identityToken=1b60hsb9h1wvjhb410xycbv|14ce3deb,name=1b60hsb9h1wvjhb410xycbv|14ce3deb unregistered, in order to be reregistered after update.
17:42:05.002 [ContainerBackgroundProcessor[StandardEngine[Catalina]]] DEBUG c.m.v.c.m.DynamicPooledDataSourceManagerMBean - MBean: com.mchange.v2.c3p0:type=PooledDataSource,identityToken=1b60hsb9h1wvjhb410xycbv|14ce3deb,name=1b60hsb9h1wvjhb410xycbv|14ce3deb registered.
17:42:05.221 [ContainerBackgroundProcessor[StandardEngine[Catalina]]] DEBUG org.mybatis.spring.SqlSessionFactoryBean - Parsed configuration file: 'class path resource [mybatis/mybatis-config.xml]'
17:42:05.372 [ContainerBackgroundProcessor[StandardEngine[Catalina]]] DEBUG org.mybatis.spring.SqlSessionFactoryBean - Parsed mapper file: 'file [E:\Workspace\.metadata\.plugins\org.eclipse.wst.server.core\tmp3\wtpwebapps\WaterWorks\WEB-INF\classes\com\water\works\mapping\userMapper.xml]'
17:43:44.642 [main] DEBUG org.apache.ibatis.logging.LogFactory - Logging initialized using 'class org.apache.ibatis.logging.slf4j.Slf4jImpl' adapter.
17:43:44.898 [MLog-Init-Reporter] INFO  com.mchange.v2.log.MLog - MLog clients using slf4j logging.
17:43:44.930 [MLog-Init-Reporter] DEBUG com.mchange.v2.log.MLog - Reading VM config for path list /com/mchange/v2/log/default-mchange-log.properties, /mchange-commons.properties, /c3p0.properties, hocon:/reference,/application,/c3p0,/, /mchange-log.properties, /
17:43:44.930 [MLog-Init-Reporter] DEBUG com.mchange.v2.log.MLog - The configuration file for resource identifier '/mchange-commons.properties' could not be found. Skipping.
17:43:44.930 [MLog-Init-Reporter] DEBUG com.mchange.v2.log.MLog - The configuration file for resource identifier '/c3p0.properties' could not be found. Skipping.
17:43:44.931 [MLog-Init-Reporter] DEBUG com.mchange.v2.log.MLog - The configuration file for resource identifier 'hocon:/reference,/application,/c3p0,/' could not be found. Skipping.
17:43:44.931 [MLog-Init-Reporter] DEBUG com.mchange.v2.log.MLog - The configuration file for resource identifier '/mchange-log.properties' could not be found. Skipping.
17:43:44.934 [main] DEBUG com.mchange.v2.cfg.MConfig - The configuration file for resource identifier '/mchange-commons.properties' could not be found. Skipping.
17:43:44.935 [main] DEBUG com.mchange.v2.cfg.MConfig - The configuration file for resource identifier '/mchange-log.properties' could not be found. Skipping.
17:43:44.935 [main] DEBUG com.mchange.v2.cfg.MConfig - The configuration file for resource identifier 'hocon:/reference,/application,/c3p0,/' could not be found. Skipping.
17:43:44.935 [main] DEBUG com.mchange.v2.cfg.MConfig - The configuration file for resource identifier '/c3p0.properties' could not be found. Skipping.
17:43:45.442 [main] INFO  com.mchange.v2.c3p0.C3P0Registry - Initializing c3p0-0.9.5.2 [built 08-December-2015 22:06:04 -0800; debug? true; trace: 10]
17:43:45.511 [main] DEBUG c.m.v.c.m.DynamicPooledDataSourceManagerMBean - MBean: com.mchange.v2.c3p0:type=PooledDataSource,identityToken=1b60hsb9h1wvlmjc1bdc15a|57ab648b,name=1b60hsb9h1wvlmjc1bdc15a|57ab648b registered.
17:43:45.575 [main] DEBUG c.m.v.c.m.DynamicPooledDataSourceManagerMBean - MBean: com.mchange.v2.c3p0:type=PooledDataSource,identityToken=1b60hsb9h1wvlmjc1bdc15a|57ab648b,name=1b60hsb9h1wvlmjc1bdc15a|57ab648b unregistered, in order to be reregistered after update.
17:43:45.576 [main] DEBUG c.m.v.c.m.DynamicPooledDataSourceManagerMBean - MBean: com.mchange.v2.c3p0:type=PooledDataSource,identityToken=1b60hsb9h1wvlmjc1bdc15a|57ab648b,name=1b60hsb9h1wvlmjc1bdc15a|57ab648b registered.
17:43:45.941 [main] DEBUG org.mybatis.spring.SqlSessionFactoryBean - Parsed configuration file: 'class path resource [mybatis/mybatis-config.xml]'
17:43:46.129 [main] DEBUG org.mybatis.spring.SqlSessionFactoryBean - Parsed mapper file: 'file [E:\Workspace\.metadata\.plugins\org.eclipse.wst.server.core\tmp3\wtpwebapps\WaterWorks\WEB-INF\classes\com\water\works\mapping\userMapper.xml]'
17:44:13.883 [main] DEBUG c.m.v2.c3p0.management.ActiveManagementCoordinator - MBean: com.mchange.v2.c3p0:type=PooledDataSource,identityToken=1b60hsb9h1wvlmjc1bdc15a|57ab648b,name=1b60hsb9h1wvlmjc1bdc15a|57ab648b unregistered.
17:44:13.884 [main] DEBUG c.m.v2.c3p0.management.ActiveManagementCoordinator - C3P0Registry mbean unregistered.
17:44:21.545 [main] DEBUG org.apache.ibatis.logging.LogFactory - Logging initialized using 'class org.apache.ibatis.logging.slf4j.Slf4jImpl' adapter.
17:44:21.690 [MLog-Init-Reporter] INFO  com.mchange.v2.log.MLog - MLog clients using slf4j logging.
17:44:21.730 [MLog-Init-Reporter] DEBUG com.mchange.v2.log.MLog - Reading VM config for path list /com/mchange/v2/log/default-mchange-log.properties, /mchange-commons.properties, /c3p0.properties, hocon:/reference,/application,/c3p0,/, /mchange-log.properties, /
17:44:21.731 [MLog-Init-Reporter] DEBUG com.mchange.v2.log.MLog - The configuration file for resource identifier '/mchange-commons.properties' could not be found. Skipping.
17:44:21.732 [MLog-Init-Reporter] DEBUG com.mchange.v2.log.MLog - The configuration file for resource identifier '/c3p0.properties' could not be found. Skipping.
17:44:21.732 [MLog-Init-Reporter] DEBUG com.mchange.v2.log.MLog - The configuration file for resource identifier 'hocon:/reference,/application,/c3p0,/' could not be found. Skipping.
17:44:21.732 [MLog-Init-Reporter] DEBUG com.mchange.v2.log.MLog - The configuration file for resource identifier '/mchange-log.properties' could not be found. Skipping.
17:44:21.736 [main] DEBUG com.mchange.v2.cfg.MConfig - The configuration file for resource identifier '/mchange-commons.properties' could not be found. Skipping.
17:44:21.737 [main] DEBUG com.mchange.v2.cfg.MConfig - The configuration file for resource identifier '/mchange-log.properties' could not be found. Skipping.
17:44:21.737 [main] DEBUG com.mchange.v2.cfg.MConfig - The configuration file for resource identifier 'hocon:/reference,/application,/c3p0,/' could not be found. Skipping.
17:44:21.737 [main] DEBUG com.mchange.v2.cfg.MConfig - The configuration file for resource identifier '/c3p0.properties' could not be found. Skipping.
17:44:22.252 [main] INFO  com.mchange.v2.c3p0.C3P0Registry - Initializing c3p0-0.9.5.2 [built 08-December-2015 22:06:04 -0800; debug? true; trace: 10]
17:44:22.337 [main] DEBUG c.m.v.c.m.DynamicPooledDataSourceManagerMBean - MBean: com.mchange.v2.c3p0:type=PooledDataSource,identityToken=1b60hsb9h1wvmey6mqmf0m|6087eab8,name=1b60hsb9h1wvmey6mqmf0m|6087eab8 registered.
17:44:22.414 [main] DEBUG c.m.v.c.m.DynamicPooledDataSourceManagerMBean - MBean: com.mchange.v2.c3p0:type=PooledDataSource,identityToken=1b60hsb9h1wvmey6mqmf0m|6087eab8,name=1b60hsb9h1wvmey6mqmf0m|6087eab8 unregistered, in order to be reregistered after update.
17:44:22.414 [main] DEBUG c.m.v.c.m.DynamicPooledDataSourceManagerMBean - MBean: com.mchange.v2.c3p0:type=PooledDataSource,identityToken=1b60hsb9h1wvmey6mqmf0m|6087eab8,name=1b60hsb9h1wvmey6mqmf0m|6087eab8 registered.
17:44:22.776 [main] DEBUG org.mybatis.spring.SqlSessionFactoryBean - Parsed configuration file: 'class path resource [mybatis/mybatis-config.xml]'
17:44:22.949 [main] DEBUG org.mybatis.spring.SqlSessionFactoryBean - Parsed mapper file: 'file [E:\Workspace\.metadata\.plugins\org.eclipse.wst.server.core\tmp3\wtpwebapps\WaterWorks\WEB-INF\classes\com\water\works\mapping\userMapper.xml]'
