00:11:12.796 [C3P0PooledConnectionPoolManager[identityToken->1b60hsb9h1q35sa81cjg77i|35853853]-AdminTaskTimer] DEBUG com.mchange.v2.resourcepool.BasicResourcePool - Checking for expired resources - Wed Jul 13 00:11:12 CST 2016 [com.mchange.v2.resourcepool.BasicResourcePool@195508fd]
00:11:12.810 [C3P0PooledConnectionPoolManager[identityToken->1b60hsb9h1q35sa81cjg77i|35853853]-AdminTaskTimer] DEBUG com.mchange.v2.resourcepool.BasicResourcePool - BEGIN check for expired resources.  [com.mchange.v2.resourcepool.BasicResourcePool@195508fd]
00:11:12.810 [C3P0PooledConnectionPoolManager[identityToken->1b60hsb9h1q35sa81cjg77i|35853853]-AdminTaskTimer] DEBUG com.mchange.v2.resourcepool.BasicResourcePool - FINISHED check for expired resources.  [com.mchange.v2.resourcepool.BasicResourcePool@195508fd]
00:11:12.811 [C3P0PooledConnectionPoolManager[identityToken->1b60hsb9h1q35sa81cjg77i|35853853]-AdminTaskTimer] DEBUG com.mchange.v2.resourcepool.BasicResourcePool - Refurbishing idle resources - Wed Jul 13 00:11:12 CST 2016 [com.mchange.v2.resourcepool.BasicResourcePool@195508fd]
00:11:12.828 [C3P0PooledConnectionPoolManager[identityToken->1b60hsb9h1q35sa81cjg77i|35853853]-HelperThread-#1] DEBUG com.mchange.v2.c3p0.impl.C3P0PooledConnectionPool - Testing PooledConnection [com.mchange.v2.c3p0.impl.NewPooledConnection@6bf0d425] on IDLE CHECK.
00:11:12.828 [C3P0PooledConnectionPoolManager[identityToken->1b60hsb9h1q35sa81cjg77i|35853853]-HelperThread-#2] DEBUG com.mchange.v2.c3p0.impl.C3P0PooledConnectionPool - Testing PooledConnection [com.mchange.v2.c3p0.impl.NewPooledConnection@24eced4a] on IDLE CHECK.
00:11:12.828 [C3P0PooledConnectionPoolManager[identityToken->1b60hsb9h1q35sa81cjg77i|35853853]-HelperThread-#0] DEBUG com.mchange.v2.c3p0.impl.C3P0PooledConnectionPool - Testing PooledConnection [com.mchange.v2.c3p0.impl.NewPooledConnection@b1afb37] on IDLE CHECK.
00:11:12.831 [C3P0PooledConnectionPoolManager[identityToken->1b60hsb9h1q35sa81cjg77i|35853853]-HelperThread-#0] DEBUG com.mchange.v2.c3p0.impl.C3P0PooledConnectionPool - Test of PooledConnection [com.mchange.v2.c3p0.impl.NewPooledConnection@b1afb37] on IDLE CHECK has SUCCEEDED.
00:11:12.832 [C3P0PooledConnectionPoolManager[identityToken->1b60hsb9h1q35sa81cjg77i|35853853]-HelperThread-#0] DEBUG com.mchange.v2.c3p0.impl.C3P0PooledConnectionPool - Testing PooledConnection [com.mchange.v2.c3p0.impl.NewPooledConnection@41df0327] on IDLE CHECK.
00:11:12.832 [C3P0PooledConnectionPoolManager[identityToken->1b60hsb9h1q35sa81cjg77i|35853853]-HelperThread-#1] DEBUG com.mchange.v2.c3p0.impl.C3P0PooledConnectionPool - Test of PooledConnection [com.mchange.v2.c3p0.impl.NewPooledConnection@6bf0d425] on IDLE CHECK has SUCCEEDED.
00:11:12.832 [C3P0PooledConnectionPoolManager[identityToken->1b60hsb9h1q35sa81cjg77i|35853853]-HelperThread-#1] DEBUG com.mchange.v2.c3p0.impl.C3P0PooledConnectionPool - Testing PooledConnection [com.mchange.v2.c3p0.impl.NewPooledConnection@42902554] on IDLE CHECK.
00:11:12.833 [C3P0PooledConnectionPoolManager[identityToken->1b60hsb9h1q35sa81cjg77i|35853853]-HelperThread-#2] DEBUG com.mchange.v2.c3p0.impl.C3P0PooledConnectionPool - Test of PooledConnection [com.mchange.v2.c3p0.impl.NewPooledConnection@24eced4a] on IDLE CHECK has SUCCEEDED.
00:11:12.834 [C3P0PooledConnectionPoolManager[identityToken->1b60hsb9h1q35sa81cjg77i|35853853]-HelperThread-#2] DEBUG com.mchange.v2.c3p0.impl.C3P0PooledConnectionPool - Testing PooledConnection [com.mchange.v2.c3p0.impl.NewPooledConnection@473321fa] on IDLE CHECK.
00:11:12.838 [C3P0PooledConnectionPoolManager[identityToken->1b60hsb9h1q35sa81cjg77i|35853853]-HelperThread-#0] DEBUG com.mchange.v2.c3p0.impl.C3P0PooledConnectionPool - Test of PooledConnection [com.mchange.v2.c3p0.impl.NewPooledConnection@41df0327] on IDLE CHECK has SUCCEEDED.
00:11:12.838 [C3P0PooledConnectionPoolManager[identityToken->1b60hsb9h1q35sa81cjg77i|35853853]-HelperThread-#2] DEBUG com.mchange.v2.c3p0.impl.C3P0PooledConnectionPool - Test of PooledConnection [com.mchange.v2.c3p0.impl.NewPooledConnection@473321fa] on IDLE CHECK has SUCCEEDED.
00:11:12.838 [C3P0PooledConnectionPoolManager[identityToken->1b60hsb9h1q35sa81cjg77i|35853853]-HelperThread-#0] DEBUG com.mchange.v2.c3p0.impl.C3P0PooledConnectionPool - Testing PooledConnection [com.mchange.v2.c3p0.impl.NewPooledConnection@5340116d] on IDLE CHECK.
00:11:12.838 [C3P0PooledConnectionPoolManager[identityToken->1b60hsb9h1q35sa81cjg77i|35853853]-HelperThread-#2] DEBUG com.mchange.v2.c3p0.impl.C3P0PooledConnectionPool - Testing PooledConnection [com.mchange.v2.c3p0.impl.NewPooledConnection@2588015b] on IDLE CHECK.
00:11:12.838 [C3P0PooledConnectionPoolManager[identityToken->1b60hsb9h1q35sa81cjg77i|35853853]-HelperThread-#1] DEBUG com.mchange.v2.c3p0.impl.C3P0PooledConnectionPool - Test of PooledConnection [com.mchange.v2.c3p0.impl.NewPooledConnection@42902554] on IDLE CHECK has SUCCEEDED.
00:11:12.839 [C3P0PooledConnectionPoolManager[identityToken->1b60hsb9h1q35sa81cjg77i|35853853]-HelperThread-#1] DEBUG com.mchange.v2.c3p0.impl.C3P0PooledConnectionPool - Testing PooledConnection [com.mchange.v2.c3p0.impl.NewPooledConnection@475d119a] on IDLE CHECK.
00:11:12.840 [C3P0PooledConnectionPoolManager[identityToken->1b60hsb9h1q35sa81cjg77i|35853853]-HelperThread-#1] DEBUG com.mchange.v2.c3p0.impl.C3P0PooledConnectionPool - Test of PooledConnection [com.mchange.v2.c3p0.impl.NewPooledConnection@475d119a] on IDLE CHECK has SUCCEEDED.
00:11:12.840 [C3P0PooledConnectionPoolManager[identityToken->1b60hsb9h1q35sa81cjg77i|35853853]-HelperThread-#0] DEBUG com.mchange.v2.c3p0.impl.C3P0PooledConnectionPool - Test of PooledConnection [com.mchange.v2.c3p0.impl.NewPooledConnection@5340116d] on IDLE CHECK has SUCCEEDED.
00:11:12.841 [C3P0PooledConnectionPoolManager[identityToken->1b60hsb9h1q35sa81cjg77i|35853853]-HelperThread-#1] DEBUG com.mchange.v2.c3p0.impl.C3P0PooledConnectionPool - Testing PooledConnection [com.mchange.v2.c3p0.impl.NewPooledConnection@2c0ea67] on IDLE CHECK.
00:11:12.841 [C3P0PooledConnectionPoolManager[identityToken->1b60hsb9h1q35sa81cjg77i|35853853]-HelperThread-#2] DEBUG com.mchange.v2.c3p0.impl.C3P0PooledConnectionPool - Test of PooledConnection [com.mchange.v2.c3p0.impl.NewPooledConnection@2588015b] on IDLE CHECK has SUCCEEDED.
00:11:12.843 [C3P0PooledConnectionPoolManager[identityToken->1b60hsb9h1q35sa81cjg77i|35853853]-HelperThread-#1] DEBUG com.mchange.v2.c3p0.impl.C3P0PooledConnectionPool - Test of PooledConnection [com.mchange.v2.c3p0.impl.NewPooledConnection@2c0ea67] on IDLE CHECK has SUCCEEDED.
00:18:42.796 [C3P0PooledConnectionPoolManager[identityToken->1b60hsb9h1q35sa81cjg77i|35853853]-AdminTaskTimer] DEBUG com.mchange.v2.resourcepool.BasicResourcePool - Checking for expired resources - Wed Jul 13 00:18:42 CST 2016 [com.mchange.v2.resourcepool.BasicResourcePool@195508fd]
00:18:42.797 [C3P0PooledConnectionPoolManager[identityToken->1b60hsb9h1q35sa81cjg77i|35853853]-AdminTaskTimer] DEBUG com.mchange.v2.resourcepool.BasicResourcePool - BEGIN check for expired resources.  [com.mchange.v2.resourcepool.BasicResourcePool@195508fd]
00:18:42.798 [C3P0PooledConnectionPoolManager[identityToken->1b60hsb9h1q35sa81cjg77i|35853853]-AdminTaskTimer] DEBUG com.mchange.v2.resourcepool.BasicResourcePool - EXPIRED idle resource: com.mchange.v2.c3p0.impl.NewPooledConnection@b1afb37 ---> idle_time: 1829575; max_idle_time: 1800000 [com.mchange.v2.resourcepool.BasicResourcePool@195508fd]
00:18:42.798 [C3P0PooledConnectionPoolManager[identityToken->1b60hsb9h1q35sa81cjg77i|35853853]-AdminTaskTimer] DEBUG com.mchange.v2.resourcepool.BasicResourcePool - Removing expired resource: com.mchange.v2.c3p0.impl.NewPooledConnection@b1afb37 [com.mchange.v2.resourcepool.BasicResourcePool@195508fd]
00:18:42.820 [C3P0PooledConnectionPoolManager[identityToken->1b60hsb9h1q35sa81cjg77i|35853853]-AdminTaskTimer] DEBUG com.mchange.v2.resourcepool.BasicResourcePool - EXPIRED idle resource: com.mchange.v2.c3p0.impl.NewPooledConnection@6bf0d425 ---> idle_time: 2249391; max_idle_time: 1800000 [com.mchange.v2.resourcepool.BasicResourcePool@195508fd]
00:18:42.820 [C3P0PooledConnectionPoolManager[identityToken->1b60hsb9h1q35sa81cjg77i|35853853]-HelperThread-#1] DEBUG com.mchange.v2.resourcepool.BasicResourcePool - Preparing to destroy resource: com.mchange.v2.c3p0.impl.NewPooledConnection@b1afb37
00:18:42.821 [C3P0PooledConnectionPoolManager[identityToken->1b60hsb9h1q35sa81cjg77i|35853853]-AdminTaskTimer] DEBUG com.mchange.v2.resourcepool.BasicResourcePool - Removing expired resource: com.mchange.v2.c3p0.impl.NewPooledConnection@6bf0d425 [com.mchange.v2.resourcepool.BasicResourcePool@195508fd]
00:18:42.821 [C3P0PooledConnectionPoolManager[identityToken->1b60hsb9h1q35sa81cjg77i|35853853]-HelperThread-#1] DEBUG com.mchange.v2.c3p0.impl.C3P0PooledConnectionPool - Preparing to destroy PooledConnection: com.mchange.v2.c3p0.impl.NewPooledConnection@b1afb37
00:18:42.821 [C3P0PooledConnectionPoolManager[identityToken->1b60hsb9h1q35sa81cjg77i|35853853]-HelperThread-#2] DEBUG com.mchange.v2.resourcepool.BasicResourcePool - Preparing to destroy resource: com.mchange.v2.c3p0.impl.NewPooledConnection@6bf0d425
00:18:42.822 [C3P0PooledConnectionPoolManager[identityToken->1b60hsb9h1q35sa81cjg77i|35853853]-AdminTaskTimer] DEBUG com.mchange.v2.resourcepool.BasicResourcePool - EXPIRED idle resource: com.mchange.v2.c3p0.impl.NewPooledConnection@24eced4a ---> idle_time: 2249413; max_idle_time: 1800000 [com.mchange.v2.resourcepool.BasicResourcePool@195508fd]
00:18:42.822 [C3P0PooledConnectionPoolManager[identityToken->1b60hsb9h1q35sa81cjg77i|35853853]-HelperThread-#2] DEBUG com.mchange.v2.c3p0.impl.C3P0PooledConnectionPool - Preparing to destroy PooledConnection: com.mchange.v2.c3p0.impl.NewPooledConnection@6bf0d425
00:18:42.822 [C3P0PooledConnectionPoolManager[identityToken->1b60hsb9h1q35sa81cjg77i|35853853]-AdminTaskTimer] DEBUG com.mchange.v2.resourcepool.BasicResourcePool - Removing expired resource: com.mchange.v2.c3p0.impl.NewPooledConnection@24eced4a [com.mchange.v2.resourcepool.BasicResourcePool@195508fd]
00:18:42.823 [C3P0PooledConnectionPoolManager[identityToken->1b60hsb9h1q35sa81cjg77i|35853853]-AdminTaskTimer] DEBUG com.mchange.v2.resourcepool.BasicResourcePool - EXPIRED idle resource: com.mchange.v2.c3p0.impl.NewPooledConnection@41df0327 ---> idle_time: 2249416; max_idle_time: 1800000 [com.mchange.v2.resourcepool.BasicResourcePool@195508fd]
00:18:42.823 [C3P0PooledConnectionPoolManager[identityToken->1b60hsb9h1q35sa81cjg77i|35853853]-AdminTaskTimer] DEBUG com.mchange.v2.resourcepool.BasicResourcePool - Removing expired resource: com.mchange.v2.c3p0.impl.NewPooledConnection@41df0327 [com.mchange.v2.resourcepool.BasicResourcePool@195508fd]
00:18:42.823 [C3P0PooledConnectionPoolManager[identityToken->1b60hsb9h1q35sa81cjg77i|35853853]-AdminTaskTimer] DEBUG com.mchange.v2.resourcepool.BasicResourcePool - EXPIRED idle resource: com.mchange.v2.c3p0.impl.NewPooledConnection@42902554 ---> idle_time: 2249424; max_idle_time: 1800000 [com.mchange.v2.resourcepool.BasicResourcePool@195508fd]
00:18:42.823 [C3P0PooledConnectionPoolManager[identityToken->1b60hsb9h1q35sa81cjg77i|35853853]-AdminTaskTimer] DEBUG com.mchange.v2.resourcepool.BasicResourcePool - Removing expired resource: com.mchange.v2.c3p0.impl.NewPooledConnection@42902554 [com.mchange.v2.resourcepool.BasicResourcePool@195508fd]
00:18:42.823 [C3P0PooledConnectionPoolManager[identityToken->1b60hsb9h1q35sa81cjg77i|35853853]-AdminTaskTimer] DEBUG com.mchange.v2.resourcepool.BasicResourcePool - EXPIRED idle resource: com.mchange.v2.c3p0.impl.NewPooledConnection@473321fa ---> idle_time: 2249443; max_idle_time: 1800000 [com.mchange.v2.resourcepool.BasicResourcePool@195508fd]
00:18:42.823 [C3P0PooledConnectionPoolManager[identityToken->1b60hsb9h1q35sa81cjg77i|35853853]-AdminTaskTimer] DEBUG com.mchange.v2.resourcepool.BasicResourcePool - Removing expired resource: com.mchange.v2.c3p0.impl.NewPooledConnection@473321fa [com.mchange.v2.resourcepool.BasicResourcePool@195508fd]
00:18:42.824 [C3P0PooledConnectionPoolManager[identityToken->1b60hsb9h1q35sa81cjg77i|35853853]-HelperThread-#0] DEBUG com.mchange.v2.resourcepool.BasicResourcePool - Preparing to destroy resource: com.mchange.v2.c3p0.impl.NewPooledConnection@24eced4a
00:18:42.824 [C3P0PooledConnectionPoolManager[identityToken->1b60hsb9h1q35sa81cjg77i|35853853]-AdminTaskTimer] DEBUG com.mchange.v2.resourcepool.BasicResourcePool - EXPIRED idle resource: com.mchange.v2.c3p0.impl.NewPooledConnection@5340116d ---> idle_time: 2249450; max_idle_time: 1800000 [com.mchange.v2.resourcepool.BasicResourcePool@195508fd]
00:18:42.826 [C3P0PooledConnectionPoolManager[identityToken->1b60hsb9h1q35sa81cjg77i|35853853]-AdminTaskTimer] DEBUG com.mchange.v2.resourcepool.BasicResourcePool - Removing expired resource: com.mchange.v2.c3p0.impl.NewPooledConnection@5340116d [com.mchange.v2.resourcepool.BasicResourcePool@195508fd]
00:18:42.828 [C3P0PooledConnectionPoolManager[identityToken->1b60hsb9h1q35sa81cjg77i|35853853]-AdminTaskTimer] DEBUG com.mchange.v2.resourcepool.BasicResourcePool - EXPIRED idle resource: com.mchange.v2.c3p0.impl.NewPooledConnection@2588015b ---> idle_time: 2249462; max_idle_time: 1800000 [com.mchange.v2.resourcepool.BasicResourcePool@195508fd]
00:18:42.830 [C3P0PooledConnectionPoolManager[identityToken->1b60hsb9h1q35sa81cjg77i|35853853]-AdminTaskTimer] DEBUG com.mchange.v2.resourcepool.BasicResourcePool - Removing expired resource: com.mchange.v2.c3p0.impl.NewPooledConnection@2588015b [com.mchange.v2.resourcepool.BasicResourcePool@195508fd]
00:18:42.830 [C3P0PooledConnectionPoolManager[identityToken->1b60hsb9h1q35sa81cjg77i|35853853]-AdminTaskTimer] DEBUG com.mchange.v2.resourcepool.BasicResourcePool - EXPIRED idle resource: com.mchange.v2.c3p0.impl.NewPooledConnection@475d119a ---> idle_time: 2249487; max_idle_time: 1800000 [com.mchange.v2.resourcepool.BasicResourcePool@195508fd]
00:18:42.830 [C3P0PooledConnectionPoolManager[identityToken->1b60hsb9h1q35sa81cjg77i|35853853]-AdminTaskTimer] DEBUG com.mchange.v2.resourcepool.BasicResourcePool - Removing expired resource: com.mchange.v2.c3p0.impl.NewPooledConnection@475d119a [com.mchange.v2.resourcepool.BasicResourcePool@195508fd]
00:18:42.831 [C3P0PooledConnectionPoolManager[identityToken->1b60hsb9h1q35sa81cjg77i|35853853]-HelperThread-#1] DEBUG com.mchange.v2.c3p0.impl.C3P0PooledConnectionPool - Successfully destroyed PooledConnection: com.mchange.v2.c3p0.impl.NewPooledConnection@b1afb37
00:18:42.831 [C3P0PooledConnectionPoolManager[identityToken->1b60hsb9h1q35sa81cjg77i|35853853]-AdminTaskTimer] DEBUG com.mchange.v2.resourcepool.BasicResourcePool - EXPIRED idle resource: com.mchange.v2.c3p0.impl.NewPooledConnection@2c0ea67 ---> idle_time: 2249488; max_idle_time: 1800000 [com.mchange.v2.resourcepool.BasicResourcePool@195508fd]
00:18:42.831 [C3P0PooledConnectionPoolManager[identityToken->1b60hsb9h1q35sa81cjg77i|35853853]-HelperThread-#1] DEBUG com.mchange.v2.resourcepool.BasicResourcePool - Successfully destroyed resource: com.mchange.v2.c3p0.impl.NewPooledConnection@b1afb37
00:18:42.831 [C3P0PooledConnectionPoolManager[identityToken->1b60hsb9h1q35sa81cjg77i|35853853]-AdminTaskTimer] DEBUG com.mchange.v2.resourcepool.BasicResourcePool - Removing expired resource: com.mchange.v2.c3p0.impl.NewPooledConnection@2c0ea67 [com.mchange.v2.resourcepool.BasicResourcePool@195508fd]
00:18:42.831 [C3P0PooledConnectionPoolManager[identityToken->1b60hsb9h1q35sa81cjg77i|35853853]-HelperThread-#1] DEBUG com.mchange.v2.resourcepool.BasicResourcePool - Preparing to destroy resource: com.mchange.v2.c3p0.impl.NewPooledConnection@41df0327
00:18:42.831 [C3P0PooledConnectionPoolManager[identityToken->1b60hsb9h1q35sa81cjg77i|35853853]-AdminTaskTimer] DEBUG com.mchange.v2.resourcepool.BasicResourcePool - FINISHED check for expired resources.  [com.mchange.v2.resourcepool.BasicResourcePool@195508fd]
00:18:42.831 [C3P0PooledConnectionPoolManager[identityToken->1b60hsb9h1q35sa81cjg77i|35853853]-HelperThread-#1] DEBUG com.mchange.v2.c3p0.impl.C3P0PooledConnectionPool - Preparing to destroy PooledConnection: com.mchange.v2.c3p0.impl.NewPooledConnection@41df0327
00:18:42.832 [C3P0PooledConnectionPoolManager[identityToken->1b60hsb9h1q35sa81cjg77i|35853853]-HelperThread-#0] DEBUG com.mchange.v2.c3p0.impl.C3P0PooledConnectionPool - Preparing to destroy PooledConnection: com.mchange.v2.c3p0.impl.NewPooledConnection@24eced4a
00:18:42.834 [C3P0PooledConnectionPoolManager[identityToken->1b60hsb9h1q35sa81cjg77i|35853853]-HelperThread-#1] DEBUG com.mchange.v2.c3p0.impl.C3P0PooledConnectionPool - Successfully destroyed PooledConnection: com.mchange.v2.c3p0.impl.NewPooledConnection@41df0327
00:18:42.834 [C3P0PooledConnectionPoolManager[identityToken->1b60hsb9h1q35sa81cjg77i|35853853]-HelperThread-#1] DEBUG com.mchange.v2.resourcepool.BasicResourcePool - Successfully destroyed resource: com.mchange.v2.c3p0.impl.NewPooledConnection@41df0327
00:18:42.834 [C3P0PooledConnectionPoolManager[identityToken->1b60hsb9h1q35sa81cjg77i|35853853]-HelperThread-#1] DEBUG com.mchange.v2.resourcepool.BasicResourcePool - Preparing to destroy resource: com.mchange.v2.c3p0.impl.NewPooledConnection@42902554
00:18:42.834 [C3P0PooledConnectionPoolManager[identityToken->1b60hsb9h1q35sa81cjg77i|35853853]-HelperThread-#2] DEBUG com.mchange.v2.c3p0.impl.C3P0PooledConnectionPool - Successfully destroyed PooledConnection: com.mchange.v2.c3p0.impl.NewPooledConnection@6bf0d425
00:18:42.835 [C3P0PooledConnectionPoolManager[identityToken->1b60hsb9h1q35sa81cjg77i|35853853]-HelperThread-#1] DEBUG com.mchange.v2.c3p0.impl.C3P0PooledConnectionPool - Preparing to destroy PooledConnection: com.mchange.v2.c3p0.impl.NewPooledConnection@42902554
00:18:42.835 [C3P0PooledConnectionPoolManager[identityToken->1b60hsb9h1q35sa81cjg77i|35853853]-HelperThread-#2] DEBUG com.mchange.v2.resourcepool.BasicResourcePool - Successfully destroyed resource: com.mchange.v2.c3p0.impl.NewPooledConnection@6bf0d425
00:18:42.835 [C3P0PooledConnectionPoolManager[identityToken->1b60hsb9h1q35sa81cjg77i|35853853]-HelperThread-#2] DEBUG com.mchange.v2.resourcepool.BasicResourcePool - Preparing to destroy resource: com.mchange.v2.c3p0.impl.NewPooledConnection@473321fa
00:18:42.836 [C3P0PooledConnectionPoolManager[identityToken->1b60hsb9h1q35sa81cjg77i|35853853]-HelperThread-#2] DEBUG com.mchange.v2.c3p0.impl.C3P0PooledConnectionPool - Preparing to destroy PooledConnection: com.mchange.v2.c3p0.impl.NewPooledConnection@473321fa
00:18:42.838 [C3P0PooledConnectionPoolManager[identityToken->1b60hsb9h1q35sa81cjg77i|35853853]-HelperThread-#2] DEBUG com.mchange.v2.c3p0.impl.C3P0PooledConnectionPool - Successfully destroyed PooledConnection: com.mchange.v2.c3p0.impl.NewPooledConnection@473321fa
00:18:42.838 [C3P0PooledConnectionPoolManager[identityToken->1b60hsb9h1q35sa81cjg77i|35853853]-HelperThread-#0] DEBUG com.mchange.v2.c3p0.impl.C3P0PooledConnectionPool - Successfully destroyed PooledConnection: com.mchange.v2.c3p0.impl.NewPooledConnection@24eced4a
00:18:42.838 [C3P0PooledConnectionPoolManager[identityToken->1b60hsb9h1q35sa81cjg77i|35853853]-HelperThread-#2] DEBUG com.mchange.v2.resourcepool.BasicResourcePool - Successfully destroyed resource: com.mchange.v2.c3p0.impl.NewPooledConnection@473321fa
00:18:42.838 [C3P0PooledConnectionPoolManager[identityToken->1b60hsb9h1q35sa81cjg77i|35853853]-HelperThread-#0] DEBUG com.mchange.v2.resourcepool.BasicResourcePool - Successfully destroyed resource: com.mchange.v2.c3p0.impl.NewPooledConnection@24eced4a
00:18:42.838 [C3P0PooledConnectionPoolManager[identityToken->1b60hsb9h1q35sa81cjg77i|35853853]-HelperThread-#1] DEBUG com.mchange.v2.c3p0.impl.C3P0PooledConnectionPool - Successfully destroyed PooledConnection: com.mchange.v2.c3p0.impl.NewPooledConnection@42902554
00:18:42.838 [C3P0PooledConnectionPoolManager[identityToken->1b60hsb9h1q35sa81cjg77i|35853853]-HelperThread-#0] DEBUG com.mchange.v2.resourcepool.BasicResourcePool - Preparing to destroy resource: com.mchange.v2.c3p0.impl.NewPooledConnection@2588015b
00:18:42.838 [C3P0PooledConnectionPoolManager[identityToken->1b60hsb9h1q35sa81cjg77i|35853853]-HelperThread-#2] DEBUG com.mchange.v2.resourcepool.BasicResourcePool - Preparing to destroy resource: com.mchange.v2.c3p0.impl.NewPooledConnection@5340116d
00:18:42.839 [C3P0PooledConnectionPoolManager[identityToken->1b60hsb9h1q35sa81cjg77i|35853853]-HelperThread-#0] DEBUG com.mchange.v2.c3p0.impl.C3P0PooledConnectionPool - Preparing to destroy PooledConnection: com.mchange.v2.c3p0.impl.NewPooledConnection@2588015b
00:18:42.838 [C3P0PooledConnectionPoolManager[identityToken->1b60hsb9h1q35sa81cjg77i|35853853]-HelperThread-#1] DEBUG com.mchange.v2.resourcepool.BasicResourcePool - Successfully destroyed resource: com.mchange.v2.c3p0.impl.NewPooledConnection@42902554
00:18:42.839 [C3P0PooledConnectionPoolManager[identityToken->1b60hsb9h1q35sa81cjg77i|35853853]-HelperThread-#2] DEBUG com.mchange.v2.c3p0.impl.C3P0PooledConnectionPool - Preparing to destroy PooledConnection: com.mchange.v2.c3p0.impl.NewPooledConnection@5340116d
00:18:42.839 [C3P0PooledConnectionPoolManager[identityToken->1b60hsb9h1q35sa81cjg77i|35853853]-HelperThread-#1] DEBUG com.mchange.v2.resourcepool.BasicResourcePool - Preparing to destroy resource: com.mchange.v2.c3p0.impl.NewPooledConnection@475d119a
00:18:42.840 [C3P0PooledConnectionPoolManager[identityToken->1b60hsb9h1q35sa81cjg77i|35853853]-HelperThread-#1] DEBUG com.mchange.v2.c3p0.impl.C3P0PooledConnectionPool - Preparing to destroy PooledConnection: com.mchange.v2.c3p0.impl.NewPooledConnection@475d119a
00:18:42.840 [C3P0PooledConnectionPoolManager[identityToken->1b60hsb9h1q35sa81cjg77i|35853853]-HelperThread-#0] DEBUG com.mchange.v2.c3p0.impl.C3P0PooledConnectionPool - Successfully destroyed PooledConnection: com.mchange.v2.c3p0.impl.NewPooledConnection@2588015b
00:18:42.841 [C3P0PooledConnectionPoolManager[identityToken->1b60hsb9h1q35sa81cjg77i|35853853]-HelperThread-#2] DEBUG com.mchange.v2.c3p0.impl.C3P0PooledConnectionPool - Successfully destroyed PooledConnection: com.mchange.v2.c3p0.impl.NewPooledConnection@5340116d
00:18:42.841 [C3P0PooledConnectionPoolManager[identityToken->1b60hsb9h1q35sa81cjg77i|35853853]-HelperThread-#0] DEBUG com.mchange.v2.resourcepool.BasicResourcePool - Successfully destroyed resource: com.mchange.v2.c3p0.impl.NewPooledConnection@2588015b
00:18:42.841 [C3P0PooledConnectionPoolManager[identityToken->1b60hsb9h1q35sa81cjg77i|35853853]-HelperThread-#2] DEBUG com.mchange.v2.resourcepool.BasicResourcePool - Successfully destroyed resource: com.mchange.v2.c3p0.impl.NewPooledConnection@5340116d
00:18:42.842 [C3P0PooledConnectionPoolManager[identityToken->1b60hsb9h1q35sa81cjg77i|35853853]-HelperThread-#1] DEBUG com.mchange.v2.c3p0.impl.C3P0PooledConnectionPool - Successfully destroyed PooledConnection: com.mchange.v2.c3p0.impl.NewPooledConnection@475d119a
00:18:42.842 [C3P0PooledConnectionPoolManager[identityToken->1b60hsb9h1q35sa81cjg77i|35853853]-HelperThread-#1] DEBUG com.mchange.v2.resourcepool.BasicResourcePool - Successfully destroyed resource: com.mchange.v2.c3p0.impl.NewPooledConnection@475d119a
00:18:42.841 [C3P0PooledConnectionPoolManager[identityToken->1b60hsb9h1q35sa81cjg77i|35853853]-HelperThread-#0] DEBUG com.mchange.v2.resourcepool.BasicResourcePool - Preparing to destroy resource: com.mchange.v2.c3p0.impl.NewPooledConnection@2c0ea67
00:18:42.842 [C3P0PooledConnectionPoolManager[identityToken->1b60hsb9h1q35sa81cjg77i|35853853]-HelperThread-#0] DEBUG com.mchange.v2.c3p0.impl.C3P0PooledConnectionPool - Preparing to destroy PooledConnection: com.mchange.v2.c3p0.impl.NewPooledConnection@2c0ea67
00:18:42.844 [C3P0PooledConnectionPoolManager[identityToken->1b60hsb9h1q35sa81cjg77i|35853853]-HelperThread-#0] DEBUG com.mchange.v2.c3p0.impl.C3P0PooledConnectionPool - Successfully destroyed PooledConnection: com.mchange.v2.c3p0.impl.NewPooledConnection@2c0ea67
00:18:42.845 [C3P0PooledConnectionPoolManager[identityToken->1b60hsb9h1q35sa81cjg77i|35853853]-HelperThread-#0] DEBUG com.mchange.v2.resourcepool.BasicResourcePool - Successfully destroyed resource: com.mchange.v2.c3p0.impl.NewPooledConnection@2c0ea67
00:26:12.797 [C3P0PooledConnectionPoolManager[identityToken->1b60hsb9h1q35sa81cjg77i|35853853]-AdminTaskTimer] DEBUG com.mchange.v2.resourcepool.BasicResourcePool - Checking for expired resources - Wed Jul 13 00:26:12 CST 2016 [com.mchange.v2.resourcepool.BasicResourcePool@195508fd]
00:26:12.797 [C3P0PooledConnectionPoolManager[identityToken->1b60hsb9h1q35sa81cjg77i|35853853]-AdminTaskTimer] DEBUG com.mchange.v2.resourcepool.BasicResourcePool - BEGIN check for expired resources.  [com.mchange.v2.resourcepool.BasicResourcePool@195508fd]
00:26:12.798 [C3P0PooledConnectionPoolManager[identityToken->1b60hsb9h1q35sa81cjg77i|35853853]-AdminTaskTimer] DEBUG com.mchange.v2.resourcepool.BasicResourcePool - FINISHED check for expired resources.  [com.mchange.v2.resourcepool.BasicResourcePool@195508fd]
00:33:42.798 [C3P0PooledConnectionPoolManager[identityToken->1b60hsb9h1q35sa81cjg77i|35853853]-AdminTaskTimer] DEBUG com.mchange.v2.resourcepool.BasicResourcePool - Checking for expired resources - Wed Jul 13 00:33:42 CST 2016 [com.mchange.v2.resourcepool.BasicResourcePool@195508fd]
00:33:42.799 [C3P0PooledConnectionPoolManager[identityToken->1b60hsb9h1q35sa81cjg77i|35853853]-AdminTaskTimer] DEBUG com.mchange.v2.resourcepool.BasicResourcePool - BEGIN check for expired resources.  [com.mchange.v2.resourcepool.BasicResourcePool@195508fd]
00:33:42.799 [C3P0PooledConnectionPoolManager[identityToken->1b60hsb9h1q35sa81cjg77i|35853853]-AdminTaskTimer] DEBUG com.mchange.v2.resourcepool.BasicResourcePool - FINISHED check for expired resources.  [com.mchange.v2.resourcepool.BasicResourcePool@195508fd]
